2024-06-26 13:04:09,339 [myid:] - INFO  [main:o.a.z.s.q.QuorumPeerConfig@177] - Reading configuration from: /home/giancarloff/Documents/2024/Primeiro Semestre/Comp Dist/INE5418/T2/server.3/apache-zookeeper-3.9.2-bin/bin/../conf/zoo.cfg
2024-06-26 13:04:09,343 [myid:] - INFO  [main:o.a.z.s.q.QuorumPeerConfig@440] - clientPortAddress is 0.0.0.0:5553
2024-06-26 13:04:09,344 [myid:] - INFO  [main:o.a.z.s.q.QuorumPeerConfig@444] - secureClientPort is not set
2024-06-26 13:04:09,344 [myid:] - INFO  [main:o.a.z.s.q.QuorumPeerConfig@460] - observerMasterPort is not set
2024-06-26 13:04:09,344 [myid:] - INFO  [main:o.a.z.s.q.QuorumPeerConfig@477] - metricsProvider.className is org.apache.zookeeper.metrics.impl.DefaultMetricsProvider
2024-06-26 13:04:09,351 [myid:3] - INFO  [main:o.a.z.s.DatadirCleanupManager@78] - autopurge.snapRetainCount set to 3
2024-06-26 13:04:09,352 [myid:3] - INFO  [main:o.a.z.s.DatadirCleanupManager@79] - autopurge.purgeInterval set to 0
2024-06-26 13:04:09,352 [myid:3] - INFO  [main:o.a.z.s.DatadirCleanupManager@101] - Purge task is not scheduled.
2024-06-26 13:04:09,353 [myid:3] - INFO  [main:o.a.z.j.ManagedUtil@46] - Log4j 1.2 jmx support not found; jmx disabled.
2024-06-26 13:04:09,353 [myid:3] - INFO  [main:o.a.z.s.q.QuorumPeerMain@152] - Starting quorum peer, myid=3
2024-06-26 13:04:09,371 [myid:3] - INFO  [main:o.a.z.s.ServerMetrics@64] - ServerMetrics initialized with provider org.apache.zookeeper.metrics.impl.DefaultMetricsProvider@1bd4fdd
2024-06-26 13:04:09,376 [myid:3] - INFO  [main:o.a.z.s.a.DigestAuthenticationProvider@51] - ACL digest algorithm is: SHA1
2024-06-26 13:04:09,376 [myid:3] - INFO  [main:o.a.z.s.a.DigestAuthenticationProvider@65] - zookeeper.DigestAuthenticationProvider.enabled = true
2024-06-26 13:04:09,385 [myid:3] - INFO  [main:o.a.z.s.ServerCnxnFactory@169] - Using org.apache.zookeeper.server.NIOServerCnxnFactory as server connection factory
2024-06-26 13:04:09,387 [myid:3] - WARN  [main:o.a.z.s.ServerCnxnFactory@309] - maxCnxns is not configured, using default value 0.
2024-06-26 13:04:09,390 [myid:3] - INFO  [main:o.a.z.s.NIOServerCnxnFactory@652] - Configuring NIO connection handler with 10s sessionless connection timeout, 2 selector thread(s), 16 worker threads, and 64 kB direct buffers.
2024-06-26 13:04:09,398 [myid:3] - INFO  [main:o.a.z.s.NIOServerCnxnFactory@660] - binding to port 0.0.0.0/0.0.0.0:5553
2024-06-26 13:04:09,408 [myid:3] - INFO  [main:o.a.z.s.q.QuorumPeer@801] - zookeeper.quorumCnxnTimeoutMs=-1
2024-06-26 13:04:09,435 [myid:3] - INFO  [main:o.e.j.u.l.Log@170] - Logging initialized @661ms to org.eclipse.jetty.util.log.Slf4jLog
2024-06-26 13:04:09,522 [myid:3] - WARN  [main:o.e.j.s.h.ContextHandler@1662] - o.e.j.s.ServletContextHandler@4803b726{/,null,STOPPED} contextPath ends with /*
2024-06-26 13:04:09,522 [myid:3] - WARN  [main:o.e.j.s.h.ContextHandler@1673] - Empty contextPath
2024-06-26 13:04:09,548 [myid:3] - INFO  [main:o.a.z.c.X509Util@88] - Setting -D jdk.tls.rejectClientInitiatedRenegotiation=true to disable client-initiated TLS renegotiation
2024-06-26 13:04:09,705 [myid:3] - INFO  [main:o.a.z.c.X509Util@110] - Default TLS protocol is TLSv1.3, supported TLS protocols are [TLSv1.3, TLSv1.2, TLSv1.1, TLSv1, SSLv3, SSLv2Hello]
2024-06-26 13:04:09,708 [myid:3] - INFO  [main:o.a.z.s.p.FileTxnSnapLog@124] - zookeeper.snapshot.trust.empty : false
2024-06-26 13:04:09,711 [myid:3] - INFO  [main:o.a.z.s.q.QuorumPeer@1781] - Local sessions disabled
2024-06-26 13:04:09,711 [myid:3] - INFO  [main:o.a.z.s.q.QuorumPeer@1792] - Local session upgrading disabled
2024-06-26 13:04:09,712 [myid:3] - INFO  [main:o.a.z.s.q.QuorumPeer@1759] - tickTime set to 2000
2024-06-26 13:04:09,712 [myid:3] - INFO  [main:o.a.z.s.q.QuorumPeer@1803] - minSessionTimeout set to 4000
2024-06-26 13:04:09,712 [myid:3] - INFO  [main:o.a.z.s.q.QuorumPeer@1814] - maxSessionTimeout set to 40000
2024-06-26 13:04:09,712 [myid:3] - INFO  [main:o.a.z.s.q.QuorumPeer@1839] - initLimit set to 10
2024-06-26 13:04:09,712 [myid:3] - INFO  [main:o.a.z.s.q.QuorumPeer@2026] - syncLimit set to 5
2024-06-26 13:04:09,712 [myid:3] - INFO  [main:o.a.z.s.q.QuorumPeer@2041] - connectToLearnerMasterLimit set to 0
2024-06-26 13:04:09,725 [myid:3] - INFO  [main:o.a.z.ZookeeperBanner@42] - 
2024-06-26 13:04:09,725 [myid:3] - INFO  [main:o.a.z.ZookeeperBanner@42] -   ______                  _                                          
2024-06-26 13:04:09,725 [myid:3] - INFO  [main:o.a.z.ZookeeperBanner@42] -  |___  /                 | |                                         
2024-06-26 13:04:09,726 [myid:3] - INFO  [main:o.a.z.ZookeeperBanner@42] -     / /    ___     ___   | | __   ___    ___   _ __     ___   _ __   
2024-06-26 13:04:09,726 [myid:3] - INFO  [main:o.a.z.ZookeeperBanner@42] -    / /    / _ \   / _ \  | |/ /  / _ \  / _ \ | '_ \   / _ \ | '__|
2024-06-26 13:04:09,726 [myid:3] - INFO  [main:o.a.z.ZookeeperBanner@42] -   / /__  | (_) | | (_) | |   <  |  __/ |  __/ | |_) | |  __/ | |    
2024-06-26 13:04:09,726 [myid:3] - INFO  [main:o.a.z.ZookeeperBanner@42] -  /_____|  \___/   \___/  |_|\_\  \___|  \___| | .__/   \___| |_|
2024-06-26 13:04:09,726 [myid:3] - INFO  [main:o.a.z.ZookeeperBanner@42] -                                               | |                     
2024-06-26 13:04:09,726 [myid:3] - INFO  [main:o.a.z.ZookeeperBanner@42] -                                               |_|                     
2024-06-26 13:04:09,726 [myid:3] - INFO  [main:o.a.z.ZookeeperBanner@42] - 
2024-06-26 13:04:09,728 [myid:3] - INFO  [main:o.a.z.Environment@98] - Server environment:zookeeper.version=3.9.2-e454e8c7283100c7caec6dcae2bc82aaecb63023, built on 2024-02-12 20:59 UTC
2024-06-26 13:04:09,728 [myid:3] - INFO  [main:o.a.z.Environment@98] - Server environment:host.name=cliente-150-162-221-229.wireless.ufsc.br
2024-06-26 13:04:09,729 [myid:3] - INFO  [main:o.a.z.Environment@98] - Server environment:java.version=17.0.11
2024-06-26 13:04:09,729 [myid:3] - INFO  [main:o.a.z.Environment@98] - Server environment:java.vendor=Red Hat, Inc.
2024-06-26 13:04:09,729 [myid:3] - INFO  [main:o.a.z.Environment@98] - Server environment:java.home=/usr/lib/jvm/java-17-openjdk-17.0.11.0.9-1.fc39.x86_64
2024-06-26 13:04:09,729 [myid:3] - INFO  [main:o.a.z.Environment@98] - Server environment:java.class.path=/home/giancarloff/Documents/2024/Primeiro Semestre/Comp Dist/INE5418/T2/server.3/apache-zookeeper-3.9.2-bin/bin/../zookeeper-metrics-providers/zookeeper-prometheus-metrics/target/classes:/home/giancarloff/Documents/2024/Primeiro Semestre/Comp Dist/INE5418/T2/server.3/apache-zookeeper-3.9.2-bin/bin/../zookeeper-server/target/classes:/home/giancarloff/Documents/2024/Primeiro Semestre/Comp Dist/INE5418/T2/server.3/apache-zookeeper-3.9.2-bin/bin/../build/classes:/home/giancarloff/Documents/2024/Primeiro Semestre/Comp Dist/INE5418/T2/server.3/apache-zookeeper-3.9.2-bin/bin/../zookeeper-metrics-providers/zookeeper-prometheus-metrics/target/lib/*.jar:/home/giancarloff/Documents/2024/Primeiro Semestre/Comp Dist/INE5418/T2/server.3/apache-zookeeper-3.9.2-bin/bin/../zookeeper-server/target/lib/*.jar:/home/giancarloff/Documents/2024/Primeiro Semestre/Comp Dist/INE5418/T2/server.3/apache-zookeeper-3.9.2-bin/bin/../build/lib/*.jar:/home/giancarloff/Documents/2024/Primeiro Semestre/Comp Dist/INE5418/T2/server.3/apache-zookeeper-3.9.2-bin/bin/../lib/zookeeper-prometheus-metrics-3.9.2.jar:/home/giancarloff/Documents/2024/Primeiro Semestre/Comp Dist/INE5418/T2/server.3/apache-zookeeper-3.9.2-bin/bin/../lib/zookeeper-jute-3.9.2.jar:/home/giancarloff/Documents/2024/Primeiro Semestre/Comp Dist/INE5418/T2/server.3/apache-zookeeper-3.9.2-bin/bin/../lib/zookeeper-3.9.2.jar:/home/giancarloff/Documents/2024/Primeiro Semestre/Comp Dist/INE5418/T2/server.3/apache-zookeeper-3.9.2-bin/bin/../lib/snappy-java-1.1.10.5.jar:/home/giancarloff/Documents/2024/Primeiro Semestre/Comp Dist/INE5418/T2/server.3/apache-zookeeper-3.9.2-bin/bin/../lib/slf4j-api-1.7.30.jar:/home/giancarloff/Documents/2024/Primeiro Semestre/Comp Dist/INE5418/T2/server.3/apache-zookeeper-3.9.2-bin/bin/../lib/simpleclient_servlet-0.9.0.jar:/home/giancarloff/Documents/2024/Primeiro Semestre/Comp Dist/INE5418/T2/server.3/apache-zookeeper-3.9.2-bin/bin/../lib/simpleclient_hotspot-0.9.0.jar:/home/giancarloff/Documents/2024/Primeiro Semestre/Comp Dist/INE5418/T2/server.3/apache-zookeeper-3.9.2-bin/bin/../lib/simpleclient_common-0.9.0.jar:/home/giancarloff/Documents/2024/Primeiro Semestre/Comp Dist/INE5418/T2/server.3/apache-zookeeper-3.9.2-bin/bin/../lib/simpleclient-0.9.0.jar:/home/giancarloff/Documents/2024/Primeiro Semestre/Comp Dist/INE5418/T2/server.3/apache-zookeeper-3.9.2-bin/bin/../lib/netty-transport-native-unix-common-4.1.105.Final.jar:/home/giancarloff/Documents/2024/Primeiro Semestre/Comp Dist/INE5418/T2/server.3/apache-zookeeper-3.9.2-bin/bin/../lib/netty-transport-native-epoll-4.1.105.Final-linux-x86_64.jar:/home/giancarloff/Documents/2024/Primeiro Semestre/Comp Dist/INE5418/T2/server.3/apache-zookeeper-3.9.2-bin/bin/../lib/netty-transport-classes-epoll-4.1.105.Final.jar:/home/giancarloff/Documents/2024/Primeiro Semestre/Comp Dist/INE5418/T2/server.3/apache-zookeeper-3.9.2-bin/bin/../lib/netty-transport-4.1.105.Final.jar:/home/giancarloff/Documents/2024/Primeiro Semestre/Comp Dist/INE5418/T2/server.3/apache-zookeeper-3.9.2-bin/bin/../lib/netty-tcnative-classes-2.0.61.Final.jar:/home/giancarloff/Documents/2024/Primeiro Semestre/Comp Dist/INE5418/T2/server.3/apache-zookeeper-3.9.2-bin/bin/../lib/netty-tcnative-boringssl-static-2.0.61.Final-windows-x86_64.jar:/home/giancarloff/Documents/2024/Primeiro Semestre/Comp Dist/INE5418/T2/server.3/apache-zookeeper-3.9.2-bin/bin/../lib/netty-tcnative-boringssl-static-2.0.61.Final-osx-x86_64.jar:/home/giancarloff/Documents/2024/Primeiro Semestre/Comp Dist/INE5418/T2/server.3/apache-zookeeper-3.9.2-bin/bin/../lib/netty-tcnative-boringssl-static-2.0.61.Final-osx-aarch_64.jar:/home/giancarloff/Documents/2024/Primeiro Semestre/Comp Dist/INE5418/T2/server.3/apache-zookeeper-3.9.2-bin/bin/../lib/netty-tcnative-boringssl-static-2.0.61.Final-linux-x86_64.jar:/home/giancarloff/Documents/2024/Primeiro Semestre/Comp Dist/INE5418/T2/server.3/apache-zookeeper-3.9.2-bin/bin/../lib/netty-tcnative-boringssl-static-2.0.61.Final-linux-aarch_64.jar:/home/giancarloff/Documents/2024/Primeiro Semestre/Comp Dist/INE5418/T2/server.3/apache-zookeeper-3.9.2-bin/bin/../lib/netty-tcnative-boringssl-static-2.0.61.Final.jar:/home/giancarloff/Documents/2024/Primeiro Semestre/Comp Dist/INE5418/T2/server.3/apache-zookeeper-3.9.2-bin/bin/../lib/netty-resolver-4.1.105.Final.jar:/home/giancarloff/Documents/2024/Primeiro Semestre/Comp Dist/INE5418/T2/server.3/apache-zookeeper-3.9.2-bin/bin/../lib/netty-handler-4.1.105.Final.jar:/home/giancarloff/Documents/2024/Primeiro Semestre/Comp Dist/INE5418/T2/server.3/apache-zookeeper-3.9.2-bin/bin/../lib/netty-common-4.1.105.Final.jar:/home/giancarloff/Documents/2024/Primeiro Semestre/Comp Dist/INE5418/T2/server.3/apache-zookeeper-3.9.2-bin/bin/../lib/netty-codec-4.1.105.Final.jar:/home/giancarloff/Documents/2024/Primeiro Semestre/Comp Dist/INE5418/T2/server.3/apache-zookeeper-3.9.2-bin/bin/../lib/netty-buffer-4.1.105.Final.jar:/home/giancarloff/Documents/2024/Primeiro Semestre/Comp Dist/INE5418/T2/server.3/apache-zookeeper-3.9.2-bin/bin/../lib/metrics-core-4.1.12.1.jar:/home/giancarloff/Documents/2024/Primeiro Semestre/Comp Dist/INE5418/T2/server.3/apache-zookeeper-3.9.2-bin/bin/../lib/logback-core-1.2.13.jar:/home/giancarloff/Documents/2024/Primeiro Semestre/Comp Dist/INE5418/T2/server.3/apache-zookeeper-3.9.2-bin/bin/../lib/logback-classic-1.2.13.jar:/home/giancarloff/Documents/2024/Primeiro Semestre/Comp Dist/INE5418/T2/server.3/apache-zookeeper-3.9.2-bin/bin/../lib/jline-2.14.6.jar:/home/giancarloff/Documents/2024/Primeiro Semestre/Comp Dist/INE5418/T2/server.3/apache-zookeeper-3.9.2-bin/bin/../lib/jetty-util-ajax-9.4.53.v20231009.jar:/home/giancarloff/Documents/2024/Primeiro Semestre/Comp Dist/INE5418/T2/server.3/apache-zookeeper-3.9.2-bin/bin/../lib/jetty-util-9.4.53.v20231009.jar:/home/giancarloff/Documents/2024/Primeiro Semestre/Comp Dist/INE5418/T2/server.3/apache-zookeeper-3.9.2-bin/bin/../lib/jetty-servlet-9.4.53.v20231009.jar:/home/giancarloff/Documents/2024/Primeiro Semestre/Comp Dist/INE5418/T2/server.3/apache-zookeeper-3.9.2-bin/bin/../lib/jetty-server-9.4.53.v20231009.jar:/home/giancarloff/Documents/2024/Primeiro Semestre/Comp Dist/INE5418/T2/server.3/apache-zookeeper-3.9.2-bin/bin/../lib/jetty-security-9.4.53.v20231009.jar:/home/giancarloff/Documents/2024/Primeiro Semestre/Comp Dist/INE5418/T2/server.3/apache-zookeeper-3.9.2-bin/bin/../lib/jetty-io-9.4.53.v20231009.jar:/home/giancarloff/Documents/2024/Primeiro Semestre/Comp Dist/INE5418/T2/server.3/apache-zookeeper-3.9.2-bin/bin/../lib/jetty-http-9.4.53.v20231009.jar:/home/giancarloff/Documents/2024/Primeiro Semestre/Comp Dist/INE5418/T2/server.3/apache-zookeeper-3.9.2-bin/bin/../lib/javax.servlet-api-3.1.0.jar:/home/giancarloff/Documents/2024/Primeiro Semestre/Comp Dist/INE5418/T2/server.3/apache-zookeeper-3.9.2-bin/bin/../lib/jackson-databind-2.15.2.jar:/home/giancarloff/Documents/2024/Primeiro Semestre/Comp Dist/INE5418/T2/server.3/apache-zookeeper-3.9.2-bin/bin/../lib/jackson-core-2.15.2.jar:/home/giancarloff/Documents/2024/Primeiro Semestre/Comp Dist/INE5418/T2/server.3/apache-zookeeper-3.9.2-bin/bin/../lib/jackson-annotations-2.15.2.jar:/home/giancarloff/Documents/2024/Primeiro Semestre/Comp Dist/INE5418/T2/server.3/apache-zookeeper-3.9.2-bin/bin/../lib/commons-io-2.11.0.jar:/home/giancarloff/Documents/2024/Primeiro Semestre/Comp Dist/INE5418/T2/server.3/apache-zookeeper-3.9.2-bin/bin/../lib/commons-cli-1.5.0.jar:/home/giancarloff/Documents/2024/Primeiro Semestre/Comp Dist/INE5418/T2/server.3/apache-zookeeper-3.9.2-bin/bin/../lib/audience-annotations-0.12.0.jar:/home/giancarloff/Documents/2024/Primeiro Semestre/Comp Dist/INE5418/T2/server.3/apache-zookeeper-3.9.2-bin/bin/../zookeeper-*.jar:/home/giancarloff/Documents/2024/Primeiro Semestre/Comp Dist/INE5418/T2/server.3/apache-zookeeper-3.9.2-bin/bin/../zookeeper-server/src/main/resources/lib/*.jar:/home/giancarloff/Documents/2024/Primeiro Semestre/Comp Dist/INE5418/T2/server.3/apache-zookeeper-3.9.2-bin/bin/../conf:
2024-06-26 13:04:09,729 [myid:3] - INFO  [main:o.a.z.Environment@98] - Server environment:java.library.path=/usr/java/packages/lib:/usr/lib64:/lib64:/lib:/usr/lib
2024-06-26 13:04:09,729 [myid:3] - INFO  [main:o.a.z.Environment@98] - Server environment:java.io.tmpdir=/tmp
2024-06-26 13:04:09,729 [myid:3] - INFO  [main:o.a.z.Environment@98] - Server environment:java.compiler=<NA>
2024-06-26 13:04:09,730 [myid:3] - INFO  [main:o.a.z.Environment@98] - Server environment:os.name=Linux
2024-06-26 13:04:09,730 [myid:3] - INFO  [main:o.a.z.Environment@98] - Server environment:os.arch=amd64
2024-06-26 13:04:09,730 [myid:3] - INFO  [main:o.a.z.Environment@98] - Server environment:os.version=6.8.10-200.fc39.x86_64
2024-06-26 13:04:09,730 [myid:3] - INFO  [main:o.a.z.Environment@98] - Server environment:user.name=giancarloff
2024-06-26 13:04:09,730 [myid:3] - INFO  [main:o.a.z.Environment@98] - Server environment:user.home=/home/giancarloff
2024-06-26 13:04:09,730 [myid:3] - INFO  [main:o.a.z.Environment@98] - Server environment:user.dir=/home/giancarloff/Documents/2024/Primeiro Semestre/Comp Dist/INE5418/T2
2024-06-26 13:04:09,731 [myid:3] - INFO  [main:o.a.z.Environment@98] - Server environment:os.memory.free=108MB
2024-06-26 13:04:09,731 [myid:3] - INFO  [main:o.a.z.Environment@98] - Server environment:os.memory.max=1000MB
2024-06-26 13:04:09,731 [myid:3] - INFO  [main:o.a.z.Environment@98] - Server environment:os.memory.total=122MB
2024-06-26 13:04:09,731 [myid:3] - INFO  [main:o.a.z.s.ZooKeeperServer@149] - zookeeper.enableEagerACLCheck = false
2024-06-26 13:04:09,731 [myid:3] - INFO  [main:o.a.z.s.ZooKeeperServer@162] - zookeeper.digest.enabled = true
2024-06-26 13:04:09,731 [myid:3] - INFO  [main:o.a.z.s.ZooKeeperServer@166] - zookeeper.closeSessionTxn.enabled = true
2024-06-26 13:04:09,731 [myid:3] - INFO  [main:o.a.z.s.ZooKeeperServer@2253] - zookeeper.serializeLastProcessedZxid.enabled = true
2024-06-26 13:04:09,732 [myid:3] - INFO  [main:o.a.z.s.ZooKeeperServer@1596] - zookeeper.flushDelay = 0 ms
2024-06-26 13:04:09,732 [myid:3] - INFO  [main:o.a.z.s.ZooKeeperServer@1605] - zookeeper.maxWriteQueuePollTime = 0 ms
2024-06-26 13:04:09,732 [myid:3] - INFO  [main:o.a.z.s.ZooKeeperServer@1614] - zookeeper.maxBatchSize=1000
2024-06-26 13:04:09,732 [myid:3] - INFO  [main:o.a.z.s.ZooKeeperServer@287] - zookeeper.intBufferStartingSizeBytes = 1024
2024-06-26 13:04:09,737 [myid:3] - INFO  [main:o.a.z.s.w.WatchManagerFactory@42] - Using org.apache.zookeeper.server.watch.WatchManager as watch manager
2024-06-26 13:04:09,737 [myid:3] - INFO  [main:o.a.z.s.w.WatchManagerFactory@42] - Using org.apache.zookeeper.server.watch.WatchManager as watch manager
2024-06-26 13:04:09,737 [myid:3] - INFO  [main:o.a.z.s.ZKDatabase@134] - zookeeper.snapshotSizeFactor = 0.33
2024-06-26 13:04:09,738 [myid:3] - INFO  [main:o.a.z.s.ZKDatabase@154] - zookeeper.commitLogCount=500
2024-06-26 13:04:09,749 [myid:3] - INFO  [main:o.a.z.s.q.QuorumPeer@2105] - Using insecure (non-TLS) quorum communication
2024-06-26 13:04:09,749 [myid:3] - INFO  [main:o.a.z.s.q.QuorumPeer@2111] - Port unification disabled
2024-06-26 13:04:09,749 [myid:3] - INFO  [main:o.a.z.s.q.QuorumPeer@184] - multiAddress.enabled set to false
2024-06-26 13:04:09,749 [myid:3] - INFO  [main:o.a.z.s.q.QuorumPeer@209] - multiAddress.reachabilityCheckEnabled set to true
2024-06-26 13:04:09,749 [myid:3] - INFO  [main:o.a.z.s.q.QuorumPeer@196] - multiAddress.reachabilityCheckTimeoutMs set to 1000
2024-06-26 13:04:09,750 [myid:3] - INFO  [main:o.a.z.s.q.QuorumPeer@2573] - QuorumPeer communication is not secured! (SASL auth disabled)
2024-06-26 13:04:09,750 [myid:3] - INFO  [main:o.a.z.s.q.QuorumPeer@2598] - quorum.cnxn.threads.size set to 20
2024-06-26 13:04:09,755 [myid:3] - INFO  [main:o.a.z.s.p.SnapStream@61] - zookeeper.snapshot.compression.method = CHECKED
2024-06-26 13:04:09,756 [myid:3] - INFO  [main:o.a.z.s.p.FileSnap@86] - Reading snapshot /home/giancarloff/Documents/2024/Primeiro Semestre/Comp Dist/INE5418/T2/server.3/apache-zookeeper-3.9.2-bin/snapshot_data/version-2/snapshot.19
2024-06-26 13:04:09,761 [myid:3] - INFO  [main:o.a.z.s.DataTree@1705] - The digest in the snapshot has digest version of 2, with zxid as 0x19, and digest value as 8991864149
2024-06-26 13:04:09,774 [myid:3] - INFO  [main:o.a.z.s.p.FileTxnSnapLog@372] - 9 txns loaded in 5 ms
2024-06-26 13:04:09,774 [myid:3] - INFO  [main:o.a.z.s.ZKDatabase@291] - Snapshot loaded in 24 ms, highest zxid is 0x100000009, digest is 9805617109
2024-06-26 13:04:09,780 [myid:3] - INFO  [main:o.e.j.s.Server@375] - jetty-9.4.53.v20231009; built: 2023-10-09T12:29:09.265Z; git: 27bde00a0b95a1d5bbee0eae7984f891d2d0f8c9; jvm 17.0.11+9
2024-06-26 13:04:09,817 [myid:3] - INFO  [main:o.e.j.s.s.DefaultSessionIdManager@334] - DefaultSessionIdManager workerName=node0
2024-06-26 13:04:09,818 [myid:3] - INFO  [main:o.e.j.s.s.DefaultSessionIdManager@339] - No SessionScavenger set, using defaults
2024-06-26 13:04:09,820 [myid:3] - INFO  [main:o.e.j.s.s.HouseKeeper@132] - node0 Scavenging every 600000ms
2024-06-26 13:04:09,826 [myid:3] - WARN  [main:o.e.j.s.ConstraintSecurityHandler@759] - ServletContext@o.e.j.s.ServletContextHandler@4803b726{/,null,STARTING} has uncovered http methods for path: /*
2024-06-26 13:04:09,839 [myid:3] - INFO  [main:o.e.j.s.h.ContextHandler@921] - Started o.e.j.s.ServletContextHandler@4803b726{/,null,AVAILABLE}
2024-06-26 13:04:09,843 [myid:3] - WARN  [main:o.a.z.s.q.QuorumPeer@1140] - Problem starting AdminServer
org.apache.zookeeper.server.admin.AdminServer$AdminServerException: Problem starting AdminServer on address 0.0.0.0, port 8080 and command URL /commands
	at org.apache.zookeeper.server.admin.JettyAdminServer.start(JettyAdminServer.java:199)
	at org.apache.zookeeper.server.quorum.QuorumPeer.start(QuorumPeer.java:1138)
	at org.apache.zookeeper.server.quorum.QuorumPeerMain.runFromConfig(QuorumPeerMain.java:229)
	at org.apache.zookeeper.server.quorum.QuorumPeerMain.initializeAndRun(QuorumPeerMain.java:137)
	at org.apache.zookeeper.server.quorum.QuorumPeerMain.main(QuorumPeerMain.java:91)
Caused by: java.io.IOException: Failed to bind to /0.0.0.0:8080
	at org.eclipse.jetty.server.ServerConnector.openAcceptChannel(ServerConnector.java:349)
	at org.eclipse.jetty.server.ServerConnector.open(ServerConnector.java:310)
	at org.eclipse.jetty.server.AbstractNetworkConnector.doStart(AbstractNetworkConnector.java:80)
	at org.eclipse.jetty.server.ServerConnector.doStart(ServerConnector.java:234)
	at org.eclipse.jetty.util.component.AbstractLifeCycle.start(AbstractLifeCycle.java:73)
	at org.eclipse.jetty.server.Server.doStart(Server.java:401)
	at org.eclipse.jetty.util.component.AbstractLifeCycle.start(AbstractLifeCycle.java:73)
	at org.apache.zookeeper.server.admin.JettyAdminServer.start(JettyAdminServer.java:190)
	... 4 common frames omitted
Caused by: java.net.BindException: Address already in use
	at java.base/sun.nio.ch.Net.bind0(Native Method)
	at java.base/sun.nio.ch.Net.bind(Net.java:555)
	at java.base/sun.nio.ch.ServerSocketChannelImpl.netBind(ServerSocketChannelImpl.java:337)
	at java.base/sun.nio.ch.ServerSocketChannelImpl.bind(ServerSocketChannelImpl.java:294)
	at java.base/sun.nio.ch.ServerSocketAdaptor.bind(ServerSocketAdaptor.java:89)
	at org.eclipse.jetty.server.ServerConnector.openAcceptChannel(ServerConnector.java:344)
	... 11 common frames omitted
2024-06-26 13:04:09,844 [myid:3] - INFO  [main:o.a.z.s.q.QuorumPeer@2615] - Using 10000ms as the quorum cnxn socket timeout
2024-06-26 13:04:09,849 [myid:3] - INFO  [main:o.a.z.s.q.QuorumCnxManager$Listener@924] - Election port bind maximum retries is 3
2024-06-26 13:04:09,850 [myid:3] - INFO  [main:o.a.z.s.q.FastLeaderElection@90] - zookeeper.fastleader.minNotificationInterval = 200 ms
2024-06-26 13:04:09,850 [myid:3] - INFO  [main:o.a.z.s.q.FastLeaderElection@92] - zookeeper.fastleader.maxNotificationInterval = 60000 ms
2024-06-26 13:04:09,852 [myid:] - INFO  [ListenerHandler-/127.0.0.1:28003:o.a.z.s.q.QuorumCnxManager$Listener$ListenerHandler@1071] - 3 is accepting connections now, my election bind port: /127.0.0.1:28003
2024-06-26 13:04:09,852 [myid:3] - INFO  [main:o.a.z.a.ZKAuditProvider@42] - ZooKeeper audit is disabled.
2024-06-26 13:04:09,857 [myid:] - INFO  [QuorumPeer[myid=3](plain=[0:0:0:0:0:0:0:0]:5553)(secure=disabled):o.a.z.s.q.QuorumPeer@1471] - LOOKING
2024-06-26 13:04:09,859 [myid:] - INFO  [QuorumPeer[myid=3](plain=[0:0:0:0:0:0:0:0]:5553)(secure=disabled):o.a.z.s.q.FastLeaderElection@947] - New election. My id = 3, proposed zxid=0x100000009
2024-06-26 13:04:09,869 [myid:] - INFO  [WorkerReceiver[myid=3]:o.a.z.s.q.FastLeaderElection$Messenger$WorkerReceiver@391] - Notification: my state:LOOKING; n.sid:3, n.state:LOOKING, n.leader:3, n.round:0x1, n.peerEpoch:0x1, n.zxid:0x100000009, message format version:0x2, n.config version:0x0
2024-06-26 13:04:09,876 [myid:] - INFO  [WorkerReceiver[myid=3]:o.a.z.s.q.FastLeaderElection$Messenger$WorkerReceiver@391] - Notification: my state:LOOKING; n.sid:2, n.state:LOOKING, n.leader:2, n.round:0x1, n.peerEpoch:0x1, n.zxid:0x100000009, message format version:0x2, n.config version:0x0
2024-06-26 13:04:09,877 [myid:] - INFO  [WorkerReceiver[myid=3]:o.a.z.s.q.FastLeaderElection$Messenger$WorkerReceiver@391] - Notification: my state:LOOKING; n.sid:1, n.state:LOOKING, n.leader:2, n.round:0x1, n.peerEpoch:0x1, n.zxid:0x100000009, message format version:0x2, n.config version:0x0
2024-06-26 13:04:09,878 [myid:] - INFO  [WorkerReceiver[myid=3]:o.a.z.s.q.FastLeaderElection$Messenger$WorkerReceiver@391] - Notification: my state:LOOKING; n.sid:1, n.state:FOLLOWING, n.leader:2, n.round:0x1, n.peerEpoch:0x2, n.zxid:0x100000009, message format version:0x2, n.config version:0x0
2024-06-26 13:04:09,879 [myid:] - INFO  [WorkerReceiver[myid=3]:o.a.z.s.q.FastLeaderElection$Messenger$WorkerReceiver@391] - Notification: my state:LOOKING; n.sid:2, n.state:LEADING, n.leader:2, n.round:0x1, n.peerEpoch:0x2, n.zxid:0x100000009, message format version:0x2, n.config version:0x0
2024-06-26 13:04:09,879 [myid:] - INFO  [QuorumPeer[myid=3](plain=[0:0:0:0:0:0:0:0]:5553)(secure=disabled):o.a.z.s.q.QuorumPeer@906] - Peer state changed: following
2024-06-26 13:04:09,879 [myid:] - INFO  [QuorumPeer[myid=3](plain=[0:0:0:0:0:0:0:0]:5553)(secure=disabled):o.a.z.s.q.QuorumPeer@1554] - FOLLOWING
2024-06-26 13:04:09,884 [myid:] - INFO  [QuorumPeer[myid=3](plain=[0:0:0:0:0:0:0:0]:5553)(secure=disabled):o.a.z.s.q.Learner@130] - leaderConnectDelayDuringRetryMs: 100
2024-06-26 13:04:09,885 [myid:] - INFO  [QuorumPeer[myid=3](plain=[0:0:0:0:0:0:0:0]:5553)(secure=disabled):o.a.z.s.q.Learner@131] - TCP NoDelay set to: true
2024-06-26 13:04:09,885 [myid:] - INFO  [QuorumPeer[myid=3](plain=[0:0:0:0:0:0:0:0]:5553)(secure=disabled):o.a.z.s.q.Learner@132] - zookeeper.learner.asyncSending = false
2024-06-26 13:04:09,885 [myid:] - INFO  [QuorumPeer[myid=3](plain=[0:0:0:0:0:0:0:0]:5553)(secure=disabled):o.a.z.s.q.Learner@133] - zookeeper.learner.closeSocketAsync = false
2024-06-26 13:04:09,887 [myid:] - INFO  [QuorumPeer[myid=3](plain=[0:0:0:0:0:0:0:0]:5553)(secure=disabled):o.a.z.s.BlueThrottle@141] - Weighed connection throttling is disabled
2024-06-26 13:04:09,887 [myid:] - INFO  [QuorumPeer[myid=3](plain=[0:0:0:0:0:0:0:0]:5553)(secure=disabled):o.a.z.s.AuthenticationHelper@66] - zookeeper.enforce.auth.enabled = false
2024-06-26 13:04:09,888 [myid:] - INFO  [QuorumPeer[myid=3](plain=[0:0:0:0:0:0:0:0]:5553)(secure=disabled):o.a.z.s.AuthenticationHelper@67] - zookeeper.enforce.auth.schemes = []
2024-06-26 13:04:09,888 [myid:] - INFO  [QuorumPeer[myid=3](plain=[0:0:0:0:0:0:0:0]:5553)(secure=disabled):o.a.z.s.ZooKeeperServer@1406] - minSessionTimeout set to 4000 ms
2024-06-26 13:04:09,889 [myid:] - INFO  [QuorumPeer[myid=3](plain=[0:0:0:0:0:0:0:0]:5553)(secure=disabled):o.a.z.s.ZooKeeperServer@1415] - maxSessionTimeout set to 40000 ms
2024-06-26 13:04:09,890 [myid:] - INFO  [QuorumPeer[myid=3](plain=[0:0:0:0:0:0:0:0]:5553)(secure=disabled):o.a.z.s.ResponseCache@45] - getData response cache size is initialized with value 400.
2024-06-26 13:04:09,890 [myid:] - INFO  [QuorumPeer[myid=3](plain=[0:0:0:0:0:0:0:0]:5553)(secure=disabled):o.a.z.s.ResponseCache@45] - getChildren response cache size is initialized with value 400.
2024-06-26 13:04:09,891 [myid:] - INFO  [QuorumPeer[myid=3](plain=[0:0:0:0:0:0:0:0]:5553)(secure=disabled):o.a.z.s.u.RequestPathMetricsCollector@109] - zookeeper.pathStats.slotCapacity = 60
2024-06-26 13:04:09,892 [myid:] - INFO  [QuorumPeer[myid=3](plain=[0:0:0:0:0:0:0:0]:5553)(secure=disabled):o.a.z.s.u.RequestPathMetricsCollector@110] - zookeeper.pathStats.slotDuration = 15
2024-06-26 13:04:09,892 [myid:] - INFO  [QuorumPeer[myid=3](plain=[0:0:0:0:0:0:0:0]:5553)(secure=disabled):o.a.z.s.u.RequestPathMetricsCollector@111] - zookeeper.pathStats.maxDepth = 6
2024-06-26 13:04:09,892 [myid:] - INFO  [QuorumPeer[myid=3](plain=[0:0:0:0:0:0:0:0]:5553)(secure=disabled):o.a.z.s.u.RequestPathMetricsCollector@112] - zookeeper.pathStats.initialDelay = 5
2024-06-26 13:04:09,892 [myid:] - INFO  [QuorumPeer[myid=3](plain=[0:0:0:0:0:0:0:0]:5553)(secure=disabled):o.a.z.s.u.RequestPathMetricsCollector@113] - zookeeper.pathStats.delay = 5
2024-06-26 13:04:09,892 [myid:] - INFO  [QuorumPeer[myid=3](plain=[0:0:0:0:0:0:0:0]:5553)(secure=disabled):o.a.z.s.u.RequestPathMetricsCollector@114] - zookeeper.pathStats.enabled = false
2024-06-26 13:04:09,893 [myid:] - INFO  [QuorumPeer[myid=3](plain=[0:0:0:0:0:0:0:0]:5553)(secure=disabled):o.a.z.s.ZooKeeperServer@1633] - The max bytes for all large requests are set to 104857600
2024-06-26 13:04:09,893 [myid:] - INFO  [QuorumPeer[myid=3](plain=[0:0:0:0:0:0:0:0]:5553)(secure=disabled):o.a.z.s.ZooKeeperServer@1647] - The large request threshold is set to -1
2024-06-26 13:04:09,893 [myid:] - INFO  [QuorumPeer[myid=3](plain=[0:0:0:0:0:0:0:0]:5553)(secure=disabled):o.a.z.s.ZooKeeperServer@385] - Created server with tickTime 2000 ms minSessionTimeout 4000 ms maxSessionTimeout 40000 ms clientPortListenBacklog -1 dataLogdir /home/giancarloff/Documents/2024/Primeiro Semestre/Comp Dist/INE5418/T2/server.3/apache-zookeeper-3.9.2-bin/snapshot_data/version-2 snapdir /home/giancarloff/Documents/2024/Primeiro Semestre/Comp Dist/INE5418/T2/server.3/apache-zookeeper-3.9.2-bin/snapshot_data/version-2
2024-06-26 13:04:09,894 [myid:] - INFO  [QuorumPeer[myid=3](plain=[0:0:0:0:0:0:0:0]:5553)(secure=disabled):o.a.z.s.q.Follower@77] - FOLLOWING - LEADER ELECTION TOOK - 36 MS
2024-06-26 13:04:09,896 [myid:] - INFO  [QuorumPeer[myid=3](plain=[0:0:0:0:0:0:0:0]:5553)(secure=disabled):o.a.z.s.q.QuorumPeer@920] - Peer state changed: following - discovery
2024-06-26 13:04:09,899 [myid:] - INFO  [LeaderConnector-/127.0.0.1:8882:o.a.z.s.q.Learner$LeaderConnector@380] - Successfully connected to leader, using address: /127.0.0.1:8882
2024-06-26 13:04:09,906 [myid:] - INFO  [QuorumPeer[myid=3](plain=[0:0:0:0:0:0:0:0]:5553)(secure=disabled):o.a.z.s.q.QuorumPeer@920] - Peer state changed: following - synchronization
2024-06-26 13:04:09,907 [myid:] - INFO  [QuorumPeer[myid=3](plain=[0:0:0:0:0:0:0:0]:5553)(secure=disabled):o.a.z.s.q.Learner@563] - Getting a diff from the leader 0x100000009
2024-06-26 13:04:09,908 [myid:] - INFO  [QuorumPeer[myid=3](plain=[0:0:0:0:0:0:0:0]:5553)(secure=disabled):o.a.z.s.q.QuorumPeer@925] - Peer state changed: following - synchronization - diff
2024-06-26 13:04:09,911 [myid:] - INFO  [QuorumPeer[myid=3](plain=[0:0:0:0:0:0:0:0]:5553)(secure=disabled):o.a.z.s.q.Learner@735] - Learner received NEWLEADER message
2024-06-26 13:04:09,911 [myid:] - INFO  [QuorumPeer[myid=3](plain=[0:0:0:0:0:0:0:0]:5553)(secure=disabled):o.a.z.s.q.QuorumPeer@1909] - Dynamic reconfig is disabled, we don't store the last seen config.
2024-06-26 13:04:09,911 [myid:] - INFO  [QuorumPeer[myid=3](plain=[0:0:0:0:0:0:0:0]:5553)(secure=disabled):o.a.z.s.q.QuorumPeer@925] - Peer state changed: following - synchronization
2024-06-26 13:04:09,914 [myid:] - INFO  [QuorumPeer[myid=3](plain=[0:0:0:0:0:0:0:0]:5553)(secure=disabled):o.a.z.s.q.CommitProcessor@490] - Configuring CommitProcessor with readBatchSize -1 commitBatchSize 1
2024-06-26 13:04:09,914 [myid:] - INFO  [QuorumPeer[myid=3](plain=[0:0:0:0:0:0:0:0]:5553)(secure=disabled):o.a.z.s.q.CommitProcessor@451] - Configuring CommitProcessor with 8 worker threads.
2024-06-26 13:04:09,915 [myid:] - INFO  [QuorumPeer[myid=3](plain=[0:0:0:0:0:0:0:0]:5553)(secure=disabled):o.a.z.s.q.FollowerRequestProcessor@59] - Initialized FollowerRequestProcessor with zookeeper.follower.skipLearnerRequestToNextProcessor as false
2024-06-26 13:04:09,917 [myid:] - INFO  [QuorumPeer[myid=3](plain=[0:0:0:0:0:0:0:0]:5553)(secure=disabled):o.a.z.s.RequestThrottler@75] - zookeeper.request_throttler.shutdownTimeout = 10000 ms
2024-06-26 13:04:09,925 [myid:] - INFO  [QuorumPeer[myid=3](plain=[0:0:0:0:0:0:0:0]:5553)(secure=disabled):o.a.z.s.q.Learner@769] - 0 txns have been persisted and it took 0ms
2024-06-26 13:04:09,927 [myid:] - INFO  [QuorumPeer[myid=3](plain=[0:0:0:0:0:0:0:0]:5553)(secure=disabled):o.a.z.s.q.Learner@776] - Set the current epoch to 2
2024-06-26 13:04:09,927 [myid:] - INFO  [QuorumPeer[myid=3](plain=[0:0:0:0:0:0:0:0]:5553)(secure=disabled):o.a.z.s.q.Learner@780] - Sent NEWLEADER ack to leader with zxid 200000000
2024-06-26 13:04:09,927 [myid:] - INFO  [QuorumPeer[myid=3](plain=[0:0:0:0:0:0:0:0]:5553)(secure=disabled):o.a.z.s.q.Learner@719] - Learner received UPTODATE message
2024-06-26 13:04:09,927 [myid:] - INFO  [QuorumPeer[myid=3](plain=[0:0:0:0:0:0:0:0]:5553)(secure=disabled):o.a.z.s.q.Learner@812] - 0 txns have been logged asynchronously
2024-06-26 13:04:09,928 [myid:] - INFO  [QuorumPeer[myid=3](plain=[0:0:0:0:0:0:0:0]:5553)(secure=disabled):o.a.z.s.q.Learner@817] - 0 txns have been committed
2024-06-26 13:04:09,928 [myid:] - INFO  [QuorumPeer[myid=3](plain=[0:0:0:0:0:0:0:0]:5553)(secure=disabled):o.a.z.s.q.QuorumPeer@920] - Peer state changed: following - broadcast
2024-06-26 13:04:15,415 [myid:] - WARN  [RecvWorker:1:o.a.z.s.q.QuorumCnxManager$RecvWorker@1402] - Connection broken for id 1, my id = 3
java.io.EOFException: null
	at java.base/java.io.DataInputStream.readInt(DataInputStream.java:386)
	at org.apache.zookeeper.server.quorum.QuorumCnxManager$RecvWorker.run(QuorumCnxManager.java:1390)
2024-06-26 13:04:15,416 [myid:] - WARN  [RecvWorker:1:o.a.z.s.q.QuorumCnxManager$RecvWorker@1408] - Interrupting SendWorker thread from RecvWorker. sid: 1. myId: 3
2024-06-26 13:04:15,416 [myid:] - WARN  [SendWorker:1:o.a.z.s.q.QuorumCnxManager$SendWorker@1288] - Interrupted while waiting for message on queue
java.lang.InterruptedException: null
	at java.base/java.util.concurrent.locks.AbstractQueuedSynchronizer$ConditionObject.awaitNanos(AbstractQueuedSynchronizer.java:1681)
	at org.apache.zookeeper.util.CircularBlockingQueue.poll(CircularBlockingQueue.java:105)
	at org.apache.zookeeper.server.quorum.QuorumCnxManager.pollSendQueue(QuorumCnxManager.java:1453)
	at org.apache.zookeeper.server.quorum.QuorumCnxManager.access$900(QuorumCnxManager.java:99)
	at org.apache.zookeeper.server.quorum.QuorumCnxManager$SendWorker.run(QuorumCnxManager.java:1277)
2024-06-26 13:04:15,417 [myid:] - WARN  [SendWorker:1:o.a.z.s.q.QuorumCnxManager$SendWorker@1300] - Send worker leaving thread id 1 my id = 3
2024-06-26 13:04:16,460 [myid:] - WARN  [RecvWorker:2:o.a.z.s.q.QuorumCnxManager$RecvWorker@1402] - Connection broken for id 2, my id = 3
java.io.EOFException: null
	at java.base/java.io.DataInputStream.readInt(DataInputStream.java:386)
	at org.apache.zookeeper.server.quorum.QuorumCnxManager$RecvWorker.run(QuorumCnxManager.java:1390)
2024-06-26 13:04:16,460 [myid:] - WARN  [QuorumPeer[myid=3](plain=[0:0:0:0:0:0:0:0]:5553)(secure=disabled):o.a.z.s.q.Follower@128] - Exception when following the leader
java.io.EOFException: null
	at java.base/java.io.DataInputStream.readInt(DataInputStream.java:386)
	at org.apache.jute.BinaryInputArchive.readInt(BinaryInputArchive.java:96)
	at org.apache.zookeeper.server.quorum.QuorumPacket.deserialize(QuorumPacket.java:86)
	at org.apache.jute.BinaryInputArchive.readRecord(BinaryInputArchive.java:134)
	at org.apache.zookeeper.server.quorum.Learner.readPacket(Learner.java:228)
	at org.apache.zookeeper.server.quorum.Follower.followLeader(Follower.java:124)
	at org.apache.zookeeper.server.quorum.QuorumPeer.run(QuorumPeer.java:1556)
2024-06-26 13:04:16,461 [myid:] - WARN  [RecvWorker:2:o.a.z.s.q.QuorumCnxManager$RecvWorker@1408] - Interrupting SendWorker thread from RecvWorker. sid: 2. myId: 3
2024-06-26 13:04:16,461 [myid:] - WARN  [SendWorker:2:o.a.z.s.q.QuorumCnxManager$SendWorker@1288] - Interrupted while waiting for message on queue
java.lang.InterruptedException: null
	at java.base/java.util.concurrent.locks.AbstractQueuedSynchronizer$ConditionObject.awaitNanos(AbstractQueuedSynchronizer.java:1681)
	at org.apache.zookeeper.util.CircularBlockingQueue.poll(CircularBlockingQueue.java:105)
	at org.apache.zookeeper.server.quorum.QuorumCnxManager.pollSendQueue(QuorumCnxManager.java:1453)
	at org.apache.zookeeper.server.quorum.QuorumCnxManager.access$900(QuorumCnxManager.java:99)
	at org.apache.zookeeper.server.quorum.QuorumCnxManager$SendWorker.run(QuorumCnxManager.java:1277)
2024-06-26 13:04:16,462 [myid:] - WARN  [SendWorker:2:o.a.z.s.q.QuorumCnxManager$SendWorker@1300] - Send worker leaving thread id 2 my id = 3
2024-06-26 13:04:16,462 [myid:] - INFO  [QuorumPeer[myid=3](plain=[0:0:0:0:0:0:0:0]:5553)(secure=disabled):o.a.z.s.q.Follower@142] - Disconnected from leader (with address: /127.0.0.1:8882). Was connected for 6562ms. Sync state: true
2024-06-26 13:04:16,463 [myid:] - INFO  [QuorumPeer[myid=3](plain=[0:0:0:0:0:0:0:0]:5553)(secure=disabled):o.a.z.s.q.Follower@286] - shutdown Follower
2024-06-26 13:04:16,465 [myid:] - INFO  [QuorumPeer[myid=3](plain=[0:0:0:0:0:0:0:0]:5553)(secure=disabled):o.a.z.s.ZooKeeperServer@943] - shutting down
2024-06-26 13:04:16,465 [myid:] - INFO  [QuorumPeer[myid=3](plain=[0:0:0:0:0:0:0:0]:5553)(secure=disabled):o.a.z.s.RequestThrottler@256] - Shutting down
2024-06-26 13:04:16,465 [myid:] - INFO  [RequestThrottler:o.a.z.s.RequestThrottler@217] - Draining request throttler queue
2024-06-26 13:04:16,466 [myid:] - INFO  [RequestThrottler:o.a.z.s.RequestThrottler@195] - RequestThrottler shutdown. Dropped 0 requests
2024-06-26 13:04:16,466 [myid:] - INFO  [QuorumPeer[myid=3](plain=[0:0:0:0:0:0:0:0]:5553)(secure=disabled):o.a.z.s.q.FollowerRequestProcessor@172] - Shutting down
2024-06-26 13:04:16,466 [myid:] - INFO  [QuorumPeer[myid=3](plain=[0:0:0:0:0:0:0:0]:5553)(secure=disabled):o.a.z.s.q.CommitProcessor@631] - Shutting down
2024-06-26 13:04:16,466 [myid:] - INFO  [FollowerRequestProcessor:3:o.a.z.s.q.FollowerRequestProcessor@128] - FollowerRequestProcessor exited loop!
2024-06-26 13:04:16,467 [myid:] - INFO  [CommitProcessor:3:o.a.z.s.q.CommitProcessor@419] - CommitProcessor exited loop!
2024-06-26 13:04:16,467 [myid:] - INFO  [QuorumPeer[myid=3](plain=[0:0:0:0:0:0:0:0]:5553)(secure=disabled):o.a.z.s.FinalRequestProcessor@668] - shutdown of request processor complete
2024-06-26 13:04:16,468 [myid:] - INFO  [QuorumPeer[myid=3](plain=[0:0:0:0:0:0:0:0]:5553)(secure=disabled):o.a.z.s.q.QuorumPeer@920] - Peer state changed: looking
2024-06-26 13:04:16,468 [myid:] - WARN  [QuorumPeer[myid=3](plain=[0:0:0:0:0:0:0:0]:5553)(secure=disabled):o.a.z.s.q.QuorumPeer@1602] - PeerState set to LOOKING
2024-06-26 13:04:16,468 [myid:] - INFO  [QuorumPeer[myid=3](plain=[0:0:0:0:0:0:0:0]:5553)(secure=disabled):o.a.z.s.q.QuorumPeer@1471] - LOOKING
2024-06-26 13:04:16,469 [myid:] - INFO  [QuorumPeer[myid=3](plain=[0:0:0:0:0:0:0:0]:5553)(secure=disabled):o.a.z.s.q.FastLeaderElection@947] - New election. My id = 3, proposed zxid=0x100000009
2024-06-26 13:04:16,472 [myid:] - INFO  [WorkerReceiver[myid=3]:o.a.z.s.q.FastLeaderElection$Messenger$WorkerReceiver@391] - Notification: my state:LOOKING; n.sid:3, n.state:LOOKING, n.leader:3, n.round:0x2, n.peerEpoch:0x2, n.zxid:0x100000009, message format version:0x2, n.config version:0x0
2024-06-26 13:04:16,472 [myid:] - WARN  [QuorumConnectionThread-[myid=3]-3:o.a.z.s.q.QuorumCnxManager@401] - Cannot open channel to 1 at election address /127.0.0.1:28001
java.net.ConnectException: Connection refused
	at java.base/sun.nio.ch.Net.pollConnect(Native Method)
	at java.base/sun.nio.ch.Net.pollConnectNow(Net.java:672)
	at java.base/sun.nio.ch.NioSocketImpl.timedFinishConnect(NioSocketImpl.java:547)
	at java.base/sun.nio.ch.NioSocketImpl.connect(NioSocketImpl.java:602)
	at java.base/java.net.SocksSocketImpl.connect(SocksSocketImpl.java:327)
	at java.base/java.net.Socket.connect(Socket.java:633)
	at org.apache.zookeeper.server.quorum.QuorumCnxManager.initiateConnection(QuorumCnxManager.java:384)
	at org.apache.zookeeper.server.quorum.QuorumCnxManager$QuorumConnectionReqThread.run(QuorumCnxManager.java:458)
	at java.base/java.util.concurrent.ThreadPoolExecutor.runWorker(ThreadPoolExecutor.java:1136)
	at java.base/java.util.concurrent.ThreadPoolExecutor$Worker.run(ThreadPoolExecutor.java:635)
	at java.base/java.lang.Thread.run(Thread.java:840)
2024-06-26 13:04:16,472 [myid:] - WARN  [QuorumConnectionThread-[myid=3]-1:o.a.z.s.q.QuorumCnxManager@401] - Cannot open channel to 2 at election address /127.0.0.1:28002
java.net.ConnectException: Connection refused
	at java.base/sun.nio.ch.Net.pollConnect(Native Method)
	at java.base/sun.nio.ch.Net.pollConnectNow(Net.java:672)
	at java.base/sun.nio.ch.NioSocketImpl.timedFinishConnect(NioSocketImpl.java:547)
	at java.base/sun.nio.ch.NioSocketImpl.connect(NioSocketImpl.java:602)
	at java.base/java.net.SocksSocketImpl.connect(SocksSocketImpl.java:327)
	at java.base/java.net.Socket.connect(Socket.java:633)
	at org.apache.zookeeper.server.quorum.QuorumCnxManager.initiateConnection(QuorumCnxManager.java:384)
	at org.apache.zookeeper.server.quorum.QuorumCnxManager$QuorumConnectionReqThread.run(QuorumCnxManager.java:458)
	at java.base/java.util.concurrent.ThreadPoolExecutor.runWorker(ThreadPoolExecutor.java:1136)
	at java.base/java.util.concurrent.ThreadPoolExecutor$Worker.run(ThreadPoolExecutor.java:635)
	at java.base/java.lang.Thread.run(Thread.java:840)
2024-06-26 13:04:16,674 [myid:] - WARN  [QuorumConnectionThread-[myid=3]-1:o.a.z.s.q.QuorumCnxManager@401] - Cannot open channel to 1 at election address /127.0.0.1:28001
java.net.ConnectException: Connection refused
	at java.base/sun.nio.ch.Net.pollConnect(Native Method)
	at java.base/sun.nio.ch.Net.pollConnectNow(Net.java:672)
	at java.base/sun.nio.ch.NioSocketImpl.timedFinishConnect(NioSocketImpl.java:547)
	at java.base/sun.nio.ch.NioSocketImpl.connect(NioSocketImpl.java:602)
	at java.base/java.net.SocksSocketImpl.connect(SocksSocketImpl.java:327)
	at java.base/java.net.Socket.connect(Socket.java:633)
	at org.apache.zookeeper.server.quorum.QuorumCnxManager.initiateConnection(QuorumCnxManager.java:384)
	at org.apache.zookeeper.server.quorum.QuorumCnxManager$QuorumConnectionReqThread.run(QuorumCnxManager.java:458)
	at java.base/java.util.concurrent.ThreadPoolExecutor.runWorker(ThreadPoolExecutor.java:1136)
	at java.base/java.util.concurrent.ThreadPoolExecutor$Worker.run(ThreadPoolExecutor.java:635)
	at java.base/java.lang.Thread.run(Thread.java:840)
2024-06-26 13:04:16,675 [myid:] - INFO  [QuorumPeer[myid=3](plain=[0:0:0:0:0:0:0:0]:5553)(secure=disabled):o.a.z.s.q.FastLeaderElection@997] - Notification time out: 400 ms
2024-06-26 13:04:16,674 [myid:] - WARN  [QuorumConnectionThread-[myid=3]-3:o.a.z.s.q.QuorumCnxManager@401] - Cannot open channel to 2 at election address /127.0.0.1:28002
java.net.ConnectException: Connection refused
	at java.base/sun.nio.ch.Net.pollConnect(Native Method)
	at java.base/sun.nio.ch.Net.pollConnectNow(Net.java:672)
	at java.base/sun.nio.ch.NioSocketImpl.timedFinishConnect(NioSocketImpl.java:547)
	at java.base/sun.nio.ch.NioSocketImpl.connect(NioSocketImpl.java:602)
	at java.base/java.net.SocksSocketImpl.connect(SocksSocketImpl.java:327)
	at java.base/java.net.Socket.connect(Socket.java:633)
	at org.apache.zookeeper.server.quorum.QuorumCnxManager.initiateConnection(QuorumCnxManager.java:384)
	at org.apache.zookeeper.server.quorum.QuorumCnxManager$QuorumConnectionReqThread.run(QuorumCnxManager.java:458)
	at java.base/java.util.concurrent.ThreadPoolExecutor.runWorker(ThreadPoolExecutor.java:1136)
	at java.base/java.util.concurrent.ThreadPoolExecutor$Worker.run(ThreadPoolExecutor.java:635)
	at java.base/java.lang.Thread.run(Thread.java:840)
2024-06-26 13:04:17,077 [myid:] - INFO  [QuorumPeer[myid=3](plain=[0:0:0:0:0:0:0:0]:5553)(secure=disabled):o.a.z.s.q.FastLeaderElection@997] - Notification time out: 800 ms
2024-06-26 13:04:17,077 [myid:] - WARN  [QuorumConnectionThread-[myid=3]-3:o.a.z.s.q.QuorumCnxManager@401] - Cannot open channel to 1 at election address /127.0.0.1:28001
java.net.ConnectException: Connection refused
	at java.base/sun.nio.ch.Net.pollConnect(Native Method)
	at java.base/sun.nio.ch.Net.pollConnectNow(Net.java:672)
	at java.base/sun.nio.ch.NioSocketImpl.timedFinishConnect(NioSocketImpl.java:547)
	at java.base/sun.nio.ch.NioSocketImpl.connect(NioSocketImpl.java:602)
	at java.base/java.net.SocksSocketImpl.connect(SocksSocketImpl.java:327)
	at java.base/java.net.Socket.connect(Socket.java:633)
	at org.apache.zookeeper.server.quorum.QuorumCnxManager.initiateConnection(QuorumCnxManager.java:384)
	at org.apache.zookeeper.server.quorum.QuorumCnxManager$QuorumConnectionReqThread.run(QuorumCnxManager.java:458)
	at java.base/java.util.concurrent.ThreadPoolExecutor.runWorker(ThreadPoolExecutor.java:1136)
	at java.base/java.util.concurrent.ThreadPoolExecutor$Worker.run(ThreadPoolExecutor.java:635)
	at java.base/java.lang.Thread.run(Thread.java:840)
2024-06-26 13:04:17,078 [myid:] - WARN  [QuorumConnectionThread-[myid=3]-1:o.a.z.s.q.QuorumCnxManager@401] - Cannot open channel to 2 at election address /127.0.0.1:28002
java.net.ConnectException: Connection refused
	at java.base/sun.nio.ch.Net.pollConnect(Native Method)
	at java.base/sun.nio.ch.Net.pollConnectNow(Net.java:672)
	at java.base/sun.nio.ch.NioSocketImpl.timedFinishConnect(NioSocketImpl.java:547)
	at java.base/sun.nio.ch.NioSocketImpl.connect(NioSocketImpl.java:602)
	at java.base/java.net.SocksSocketImpl.connect(SocksSocketImpl.java:327)
	at java.base/java.net.Socket.connect(Socket.java:633)
	at org.apache.zookeeper.server.quorum.QuorumCnxManager.initiateConnection(QuorumCnxManager.java:384)
	at org.apache.zookeeper.server.quorum.QuorumCnxManager$QuorumConnectionReqThread.run(QuorumCnxManager.java:458)
	at java.base/java.util.concurrent.ThreadPoolExecutor.runWorker(ThreadPoolExecutor.java:1136)
	at java.base/java.util.concurrent.ThreadPoolExecutor$Worker.run(ThreadPoolExecutor.java:635)
	at java.base/java.lang.Thread.run(Thread.java:840)
