2024-06-21 13:26:44,600 [myid:] - INFO  [main:o.a.z.s.q.QuorumPeerConfig@177] - Reading configuration from: /home/giancarloff/Documents/2024/Primeiro Semestre/Comp Dist/INE5418/T2/apache-zookeeper-3.9.2-bin/bin/../conf/zoo.cfg
2024-06-21 13:26:44,602 [myid:] - WARN  [main:o.a.z.s.u.VerifyingFileFactory@65] - ../snapshot_data is relative. Prepend ./ to indicate that you're sure!
2024-06-21 13:26:44,603 [myid:] - INFO  [main:o.a.z.s.q.QuorumPeerConfig@440] - clientPortAddress is 0.0.0.0:5590
2024-06-21 13:26:44,604 [myid:] - INFO  [main:o.a.z.s.q.QuorumPeerConfig@444] - secureClientPort is not set
2024-06-21 13:26:44,604 [myid:] - INFO  [main:o.a.z.s.q.QuorumPeerConfig@460] - observerMasterPort is not set
2024-06-21 13:26:44,605 [myid:] - INFO  [main:o.a.z.s.q.QuorumPeerConfig@477] - metricsProvider.className is org.apache.zookeeper.metrics.impl.DefaultMetricsProvider
2024-06-21 13:26:44,606 [myid:] - INFO  [main:o.a.z.s.DatadirCleanupManager@78] - autopurge.snapRetainCount set to 3
2024-06-21 13:26:44,606 [myid:] - INFO  [main:o.a.z.s.DatadirCleanupManager@79] - autopurge.purgeInterval set to 0
2024-06-21 13:26:44,606 [myid:] - INFO  [main:o.a.z.s.DatadirCleanupManager@101] - Purge task is not scheduled.
2024-06-21 13:26:44,606 [myid:] - WARN  [main:o.a.z.s.q.QuorumPeerMain@139] - Either no config or no quorum defined in config, running in standalone mode
2024-06-21 13:26:44,608 [myid:] - INFO  [main:o.a.z.j.ManagedUtil@46] - Log4j 1.2 jmx support not found; jmx disabled.
2024-06-21 13:26:44,608 [myid:] - INFO  [main:o.a.z.s.q.QuorumPeerConfig@177] - Reading configuration from: /home/giancarloff/Documents/2024/Primeiro Semestre/Comp Dist/INE5418/T2/apache-zookeeper-3.9.2-bin/bin/../conf/zoo.cfg
2024-06-21 13:26:44,609 [myid:] - WARN  [main:o.a.z.s.u.VerifyingFileFactory@65] - ../snapshot_data is relative. Prepend ./ to indicate that you're sure!
2024-06-21 13:26:44,609 [myid:] - INFO  [main:o.a.z.s.q.QuorumPeerConfig@440] - clientPortAddress is 0.0.0.0:5590
2024-06-21 13:26:44,609 [myid:] - INFO  [main:o.a.z.s.q.QuorumPeerConfig@444] - secureClientPort is not set
2024-06-21 13:26:44,609 [myid:] - INFO  [main:o.a.z.s.q.QuorumPeerConfig@460] - observerMasterPort is not set
2024-06-21 13:26:44,609 [myid:] - INFO  [main:o.a.z.s.q.QuorumPeerConfig@477] - metricsProvider.className is org.apache.zookeeper.metrics.impl.DefaultMetricsProvider
2024-06-21 13:26:44,609 [myid:] - INFO  [main:o.a.z.s.ZooKeeperServerMain@123] - Starting server
2024-06-21 13:26:44,624 [myid:] - INFO  [main:o.a.z.s.ServerMetrics@64] - ServerMetrics initialized with provider org.apache.zookeeper.metrics.impl.DefaultMetricsProvider@6069db50
2024-06-21 13:26:44,628 [myid:] - INFO  [main:o.a.z.s.a.DigestAuthenticationProvider@51] - ACL digest algorithm is: SHA1
2024-06-21 13:26:44,628 [myid:] - INFO  [main:o.a.z.s.a.DigestAuthenticationProvider@65] - zookeeper.DigestAuthenticationProvider.enabled = true
2024-06-21 13:26:44,632 [myid:] - INFO  [main:o.a.z.s.p.FileTxnSnapLog@124] - zookeeper.snapshot.trust.empty : false
2024-06-21 13:26:44,644 [myid:] - INFO  [main:o.a.z.ZookeeperBanner@42] - 
2024-06-21 13:26:44,645 [myid:] - INFO  [main:o.a.z.ZookeeperBanner@42] -   ______                  _                                          
2024-06-21 13:26:44,645 [myid:] - INFO  [main:o.a.z.ZookeeperBanner@42] -  |___  /                 | |                                         
2024-06-21 13:26:44,645 [myid:] - INFO  [main:o.a.z.ZookeeperBanner@42] -     / /    ___     ___   | | __   ___    ___   _ __     ___   _ __   
2024-06-21 13:26:44,645 [myid:] - INFO  [main:o.a.z.ZookeeperBanner@42] -    / /    / _ \   / _ \  | |/ /  / _ \  / _ \ | '_ \   / _ \ | '__|
2024-06-21 13:26:44,645 [myid:] - INFO  [main:o.a.z.ZookeeperBanner@42] -   / /__  | (_) | | (_) | |   <  |  __/ |  __/ | |_) | |  __/ | |    
2024-06-21 13:26:44,645 [myid:] - INFO  [main:o.a.z.ZookeeperBanner@42] -  /_____|  \___/   \___/  |_|\_\  \___|  \___| | .__/   \___| |_|
2024-06-21 13:26:44,645 [myid:] - INFO  [main:o.a.z.ZookeeperBanner@42] -                                               | |                     
2024-06-21 13:26:44,645 [myid:] - INFO  [main:o.a.z.ZookeeperBanner@42] -                                               |_|                     
2024-06-21 13:26:44,645 [myid:] - INFO  [main:o.a.z.ZookeeperBanner@42] - 
2024-06-21 13:26:44,647 [myid:] - INFO  [main:o.a.z.Environment@98] - Server environment:zookeeper.version=3.9.2-e454e8c7283100c7caec6dcae2bc82aaecb63023, built on 2024-02-12 20:59 UTC
2024-06-21 13:26:44,647 [myid:] - INFO  [main:o.a.z.Environment@98] - Server environment:host.name=cliente-150-162-221-229.wireless.ufsc.br
2024-06-21 13:26:44,647 [myid:] - INFO  [main:o.a.z.Environment@98] - Server environment:java.version=17.0.11
2024-06-21 13:26:44,647 [myid:] - INFO  [main:o.a.z.Environment@98] - Server environment:java.vendor=Red Hat, Inc.
2024-06-21 13:26:44,647 [myid:] - INFO  [main:o.a.z.Environment@98] - Server environment:java.home=/usr/lib/jvm/java-17-openjdk-17.0.11.0.9-1.fc39.x86_64
2024-06-21 13:26:44,647 [myid:] - INFO  [main:o.a.z.Environment@98] - Server environment:java.class.path=/home/giancarloff/Documents/2024/Primeiro Semestre/Comp Dist/INE5418/T2/apache-zookeeper-3.9.2-bin/bin/../zookeeper-metrics-providers/zookeeper-prometheus-metrics/target/classes:/home/giancarloff/Documents/2024/Primeiro Semestre/Comp Dist/INE5418/T2/apache-zookeeper-3.9.2-bin/bin/../zookeeper-server/target/classes:/home/giancarloff/Documents/2024/Primeiro Semestre/Comp Dist/INE5418/T2/apache-zookeeper-3.9.2-bin/bin/../build/classes:/home/giancarloff/Documents/2024/Primeiro Semestre/Comp Dist/INE5418/T2/apache-zookeeper-3.9.2-bin/bin/../zookeeper-metrics-providers/zookeeper-prometheus-metrics/target/lib/*.jar:/home/giancarloff/Documents/2024/Primeiro Semestre/Comp Dist/INE5418/T2/apache-zookeeper-3.9.2-bin/bin/../zookeeper-server/target/lib/*.jar:/home/giancarloff/Documents/2024/Primeiro Semestre/Comp Dist/INE5418/T2/apache-zookeeper-3.9.2-bin/bin/../build/lib/*.jar:/home/giancarloff/Documents/2024/Primeiro Semestre/Comp Dist/INE5418/T2/apache-zookeeper-3.9.2-bin/bin/../lib/zookeeper-prometheus-metrics-3.9.2.jar:/home/giancarloff/Documents/2024/Primeiro Semestre/Comp Dist/INE5418/T2/apache-zookeeper-3.9.2-bin/bin/../lib/zookeeper-jute-3.9.2.jar:/home/giancarloff/Documents/2024/Primeiro Semestre/Comp Dist/INE5418/T2/apache-zookeeper-3.9.2-bin/bin/../lib/zookeeper-3.9.2.jar:/home/giancarloff/Documents/2024/Primeiro Semestre/Comp Dist/INE5418/T2/apache-zookeeper-3.9.2-bin/bin/../lib/snappy-java-1.1.10.5.jar:/home/giancarloff/Documents/2024/Primeiro Semestre/Comp Dist/INE5418/T2/apache-zookeeper-3.9.2-bin/bin/../lib/slf4j-api-1.7.30.jar:/home/giancarloff/Documents/2024/Primeiro Semestre/Comp Dist/INE5418/T2/apache-zookeeper-3.9.2-bin/bin/../lib/simpleclient_servlet-0.9.0.jar:/home/giancarloff/Documents/2024/Primeiro Semestre/Comp Dist/INE5418/T2/apache-zookeeper-3.9.2-bin/bin/../lib/simpleclient_hotspot-0.9.0.jar:/home/giancarloff/Documents/2024/Primeiro Semestre/Comp Dist/INE5418/T2/apache-zookeeper-3.9.2-bin/bin/../lib/simpleclient_common-0.9.0.jar:/home/giancarloff/Documents/2024/Primeiro Semestre/Comp Dist/INE5418/T2/apache-zookeeper-3.9.2-bin/bin/../lib/simpleclient-0.9.0.jar:/home/giancarloff/Documents/2024/Primeiro Semestre/Comp Dist/INE5418/T2/apache-zookeeper-3.9.2-bin/bin/../lib/netty-transport-native-unix-common-4.1.105.Final.jar:/home/giancarloff/Documents/2024/Primeiro Semestre/Comp Dist/INE5418/T2/apache-zookeeper-3.9.2-bin/bin/../lib/netty-transport-native-epoll-4.1.105.Final-linux-x86_64.jar:/home/giancarloff/Documents/2024/Primeiro Semestre/Comp Dist/INE5418/T2/apache-zookeeper-3.9.2-bin/bin/../lib/netty-transport-classes-epoll-4.1.105.Final.jar:/home/giancarloff/Documents/2024/Primeiro Semestre/Comp Dist/INE5418/T2/apache-zookeeper-3.9.2-bin/bin/../lib/netty-transport-4.1.105.Final.jar:/home/giancarloff/Documents/2024/Primeiro Semestre/Comp Dist/INE5418/T2/apache-zookeeper-3.9.2-bin/bin/../lib/netty-tcnative-classes-2.0.61.Final.jar:/home/giancarloff/Documents/2024/Primeiro Semestre/Comp Dist/INE5418/T2/apache-zookeeper-3.9.2-bin/bin/../lib/netty-tcnative-boringssl-static-2.0.61.Final-windows-x86_64.jar:/home/giancarloff/Documents/2024/Primeiro Semestre/Comp Dist/INE5418/T2/apache-zookeeper-3.9.2-bin/bin/../lib/netty-tcnative-boringssl-static-2.0.61.Final-osx-x86_64.jar:/home/giancarloff/Documents/2024/Primeiro Semestre/Comp Dist/INE5418/T2/apache-zookeeper-3.9.2-bin/bin/../lib/netty-tcnative-boringssl-static-2.0.61.Final-osx-aarch_64.jar:/home/giancarloff/Documents/2024/Primeiro Semestre/Comp Dist/INE5418/T2/apache-zookeeper-3.9.2-bin/bin/../lib/netty-tcnative-boringssl-static-2.0.61.Final-linux-x86_64.jar:/home/giancarloff/Documents/2024/Primeiro Semestre/Comp Dist/INE5418/T2/apache-zookeeper-3.9.2-bin/bin/../lib/netty-tcnative-boringssl-static-2.0.61.Final-linux-aarch_64.jar:/home/giancarloff/Documents/2024/Primeiro Semestre/Comp Dist/INE5418/T2/apache-zookeeper-3.9.2-bin/bin/../lib/netty-tcnative-boringssl-static-2.0.61.Final.jar:/home/giancarloff/Documents/2024/Primeiro Semestre/Comp Dist/INE5418/T2/apache-zookeeper-3.9.2-bin/bin/../lib/netty-resolver-4.1.105.Final.jar:/home/giancarloff/Documents/2024/Primeiro Semestre/Comp Dist/INE5418/T2/apache-zookeeper-3.9.2-bin/bin/../lib/netty-handler-4.1.105.Final.jar:/home/giancarloff/Documents/2024/Primeiro Semestre/Comp Dist/INE5418/T2/apache-zookeeper-3.9.2-bin/bin/../lib/netty-common-4.1.105.Final.jar:/home/giancarloff/Documents/2024/Primeiro Semestre/Comp Dist/INE5418/T2/apache-zookeeper-3.9.2-bin/bin/../lib/netty-codec-4.1.105.Final.jar:/home/giancarloff/Documents/2024/Primeiro Semestre/Comp Dist/INE5418/T2/apache-zookeeper-3.9.2-bin/bin/../lib/netty-buffer-4.1.105.Final.jar:/home/giancarloff/Documents/2024/Primeiro Semestre/Comp Dist/INE5418/T2/apache-zookeeper-3.9.2-bin/bin/../lib/metrics-core-4.1.12.1.jar:/home/giancarloff/Documents/2024/Primeiro Semestre/Comp Dist/INE5418/T2/apache-zookeeper-3.9.2-bin/bin/../lib/logback-core-1.2.13.jar:/home/giancarloff/Documents/2024/Primeiro Semestre/Comp Dist/INE5418/T2/apache-zookeeper-3.9.2-bin/bin/../lib/logback-classic-1.2.13.jar:/home/giancarloff/Documents/2024/Primeiro Semestre/Comp Dist/INE5418/T2/apache-zookeeper-3.9.2-bin/bin/../lib/jline-2.14.6.jar:/home/giancarloff/Documents/2024/Primeiro Semestre/Comp Dist/INE5418/T2/apache-zookeeper-3.9.2-bin/bin/../lib/jetty-util-ajax-9.4.53.v20231009.jar:/home/giancarloff/Documents/2024/Primeiro Semestre/Comp Dist/INE5418/T2/apache-zookeeper-3.9.2-bin/bin/../lib/jetty-util-9.4.53.v20231009.jar:/home/giancarloff/Documents/2024/Primeiro Semestre/Comp Dist/INE5418/T2/apache-zookeeper-3.9.2-bin/bin/../lib/jetty-servlet-9.4.53.v20231009.jar:/home/giancarloff/Documents/2024/Primeiro Semestre/Comp Dist/INE5418/T2/apache-zookeeper-3.9.2-bin/bin/../lib/jetty-server-9.4.53.v20231009.jar:/home/giancarloff/Documents/2024/Primeiro Semestre/Comp Dist/INE5418/T2/apache-zookeeper-3.9.2-bin/bin/../lib/jetty-security-9.4.53.v20231009.jar:/home/giancarloff/Documents/2024/Primeiro Semestre/Comp Dist/INE5418/T2/apache-zookeeper-3.9.2-bin/bin/../lib/jetty-io-9.4.53.v20231009.jar:/home/giancarloff/Documents/2024/Primeiro Semestre/Comp Dist/INE5418/T2/apache-zookeeper-3.9.2-bin/bin/../lib/jetty-http-9.4.53.v20231009.jar:/home/giancarloff/Documents/2024/Primeiro Semestre/Comp Dist/INE5418/T2/apache-zookeeper-3.9.2-bin/bin/../lib/javax.servlet-api-3.1.0.jar:/home/giancarloff/Documents/2024/Primeiro Semestre/Comp Dist/INE5418/T2/apache-zookeeper-3.9.2-bin/bin/../lib/jackson-databind-2.15.2.jar:/home/giancarloff/Documents/2024/Primeiro Semestre/Comp Dist/INE5418/T2/apache-zookeeper-3.9.2-bin/bin/../lib/jackson-core-2.15.2.jar:/home/giancarloff/Documents/2024/Primeiro Semestre/Comp Dist/INE5418/T2/apache-zookeeper-3.9.2-bin/bin/../lib/jackson-annotations-2.15.2.jar:/home/giancarloff/Documents/2024/Primeiro Semestre/Comp Dist/INE5418/T2/apache-zookeeper-3.9.2-bin/bin/../lib/commons-io-2.11.0.jar:/home/giancarloff/Documents/2024/Primeiro Semestre/Comp Dist/INE5418/T2/apache-zookeeper-3.9.2-bin/bin/../lib/commons-cli-1.5.0.jar:/home/giancarloff/Documents/2024/Primeiro Semestre/Comp Dist/INE5418/T2/apache-zookeeper-3.9.2-bin/bin/../lib/audience-annotations-0.12.0.jar:/home/giancarloff/Documents/2024/Primeiro Semestre/Comp Dist/INE5418/T2/apache-zookeeper-3.9.2-bin/bin/../zookeeper-*.jar:/home/giancarloff/Documents/2024/Primeiro Semestre/Comp Dist/INE5418/T2/apache-zookeeper-3.9.2-bin/bin/../zookeeper-server/src/main/resources/lib/*.jar:/home/giancarloff/Documents/2024/Primeiro Semestre/Comp Dist/INE5418/T2/apache-zookeeper-3.9.2-bin/bin/../conf:
2024-06-21 13:26:44,647 [myid:] - INFO  [main:o.a.z.Environment@98] - Server environment:java.library.path=/usr/java/packages/lib:/usr/lib64:/lib64:/lib:/usr/lib
2024-06-21 13:26:44,648 [myid:] - INFO  [main:o.a.z.Environment@98] - Server environment:java.io.tmpdir=/tmp
2024-06-21 13:26:44,648 [myid:] - INFO  [main:o.a.z.Environment@98] - Server environment:java.compiler=<NA>
2024-06-21 13:26:44,648 [myid:] - INFO  [main:o.a.z.Environment@98] - Server environment:os.name=Linux
2024-06-21 13:26:44,648 [myid:] - INFO  [main:o.a.z.Environment@98] - Server environment:os.arch=amd64
2024-06-21 13:26:44,648 [myid:] - INFO  [main:o.a.z.Environment@98] - Server environment:os.version=6.8.10-200.fc39.x86_64
2024-06-21 13:26:44,648 [myid:] - INFO  [main:o.a.z.Environment@98] - Server environment:user.name=giancarloff
2024-06-21 13:26:44,648 [myid:] - INFO  [main:o.a.z.Environment@98] - Server environment:user.home=/home/giancarloff
2024-06-21 13:26:44,648 [myid:] - INFO  [main:o.a.z.Environment@98] - Server environment:user.dir=/home/giancarloff/Documents/2024/Primeiro Semestre/Comp Dist/INE5418/T2/apache-zookeeper-3.9.2-bin/bin
2024-06-21 13:26:44,648 [myid:] - INFO  [main:o.a.z.Environment@98] - Server environment:os.memory.free=105MB
2024-06-21 13:26:44,648 [myid:] - INFO  [main:o.a.z.Environment@98] - Server environment:os.memory.max=1000MB
2024-06-21 13:26:44,648 [myid:] - INFO  [main:o.a.z.Environment@98] - Server environment:os.memory.total=122MB
2024-06-21 13:26:44,648 [myid:] - INFO  [main:o.a.z.s.ZooKeeperServer@149] - zookeeper.enableEagerACLCheck = false
2024-06-21 13:26:44,649 [myid:] - INFO  [main:o.a.z.s.ZooKeeperServer@162] - zookeeper.digest.enabled = true
2024-06-21 13:26:44,649 [myid:] - INFO  [main:o.a.z.s.ZooKeeperServer@166] - zookeeper.closeSessionTxn.enabled = true
2024-06-21 13:26:44,649 [myid:] - INFO  [main:o.a.z.s.ZooKeeperServer@2253] - zookeeper.serializeLastProcessedZxid.enabled = true
2024-06-21 13:26:44,649 [myid:] - INFO  [main:o.a.z.s.ZooKeeperServer@1596] - zookeeper.flushDelay = 0 ms
2024-06-21 13:26:44,649 [myid:] - INFO  [main:o.a.z.s.ZooKeeperServer@1605] - zookeeper.maxWriteQueuePollTime = 0 ms
2024-06-21 13:26:44,649 [myid:] - INFO  [main:o.a.z.s.ZooKeeperServer@1614] - zookeeper.maxBatchSize=1000
2024-06-21 13:26:44,649 [myid:] - INFO  [main:o.a.z.s.ZooKeeperServer@287] - zookeeper.intBufferStartingSizeBytes = 1024
2024-06-21 13:26:44,650 [myid:] - INFO  [main:o.a.z.s.BlueThrottle@141] - Weighed connection throttling is disabled
2024-06-21 13:26:44,652 [myid:] - INFO  [main:o.a.z.s.AuthenticationHelper@66] - zookeeper.enforce.auth.enabled = false
2024-06-21 13:26:44,652 [myid:] - INFO  [main:o.a.z.s.AuthenticationHelper@67] - zookeeper.enforce.auth.schemes = []
2024-06-21 13:26:44,653 [myid:] - INFO  [main:o.a.z.s.ZooKeeperServer@1406] - minSessionTimeout set to 4000 ms
2024-06-21 13:26:44,653 [myid:] - INFO  [main:o.a.z.s.ZooKeeperServer@1415] - maxSessionTimeout set to 40000 ms
2024-06-21 13:26:44,654 [myid:] - INFO  [main:o.a.z.s.ResponseCache@45] - getData response cache size is initialized with value 400.
2024-06-21 13:26:44,654 [myid:] - INFO  [main:o.a.z.s.ResponseCache@45] - getChildren response cache size is initialized with value 400.
2024-06-21 13:26:44,655 [myid:] - INFO  [main:o.a.z.s.u.RequestPathMetricsCollector@109] - zookeeper.pathStats.slotCapacity = 60
2024-06-21 13:26:44,656 [myid:] - INFO  [main:o.a.z.s.u.RequestPathMetricsCollector@110] - zookeeper.pathStats.slotDuration = 15
2024-06-21 13:26:44,656 [myid:] - INFO  [main:o.a.z.s.u.RequestPathMetricsCollector@111] - zookeeper.pathStats.maxDepth = 6
2024-06-21 13:26:44,656 [myid:] - INFO  [main:o.a.z.s.u.RequestPathMetricsCollector@112] - zookeeper.pathStats.initialDelay = 5
2024-06-21 13:26:44,656 [myid:] - INFO  [main:o.a.z.s.u.RequestPathMetricsCollector@113] - zookeeper.pathStats.delay = 5
2024-06-21 13:26:44,656 [myid:] - INFO  [main:o.a.z.s.u.RequestPathMetricsCollector@114] - zookeeper.pathStats.enabled = false
2024-06-21 13:26:44,659 [myid:] - INFO  [main:o.a.z.s.ZooKeeperServer@1633] - The max bytes for all large requests are set to 104857600
2024-06-21 13:26:44,659 [myid:] - INFO  [main:o.a.z.s.ZooKeeperServer@1647] - The large request threshold is set to -1
2024-06-21 13:26:44,659 [myid:] - INFO  [main:o.a.z.s.ZooKeeperServer@385] - Created server with tickTime 2000 ms minSessionTimeout 4000 ms maxSessionTimeout 40000 ms clientPortListenBacklog -1 dataLogdir ../snapshot_data/version-2 snapdir ../snapshot_data/version-2
2024-06-21 13:26:44,684 [myid:] - INFO  [main:o.e.j.u.l.Log@170] - Logging initialized @727ms to org.eclipse.jetty.util.log.Slf4jLog
2024-06-21 13:26:44,769 [myid:] - WARN  [main:o.e.j.s.h.ContextHandler@1662] - o.e.j.s.ServletContextHandler@4f2b503c{/,null,STOPPED} contextPath ends with /*
2024-06-21 13:26:44,769 [myid:] - WARN  [main:o.e.j.s.h.ContextHandler@1673] - Empty contextPath
2024-06-21 13:26:44,795 [myid:] - INFO  [main:o.e.j.s.Server@375] - jetty-9.4.53.v20231009; built: 2023-10-09T12:29:09.265Z; git: 27bde00a0b95a1d5bbee0eae7984f891d2d0f8c9; jvm 17.0.11+9
2024-06-21 13:26:44,836 [myid:] - INFO  [main:o.e.j.s.s.DefaultSessionIdManager@334] - DefaultSessionIdManager workerName=node0
2024-06-21 13:26:44,837 [myid:] - INFO  [main:o.e.j.s.s.DefaultSessionIdManager@339] - No SessionScavenger set, using defaults
2024-06-21 13:26:44,838 [myid:] - INFO  [main:o.e.j.s.s.HouseKeeper@132] - node0 Scavenging every 600000ms
2024-06-21 13:26:44,842 [myid:] - WARN  [main:o.e.j.s.ConstraintSecurityHandler@759] - ServletContext@o.e.j.s.ServletContextHandler@4f2b503c{/,null,STARTING} has uncovered http methods for path: /*
2024-06-21 13:26:44,853 [myid:] - INFO  [main:o.e.j.s.h.ContextHandler@921] - Started o.e.j.s.ServletContextHandler@4f2b503c{/,null,AVAILABLE}
2024-06-21 13:26:44,868 [myid:] - INFO  [main:o.e.j.s.AbstractConnector@333] - Started ServerConnector@5fd4f8f5{HTTP/1.1, (http/1.1)}{0.0.0.0:8080}
2024-06-21 13:26:44,869 [myid:] - INFO  [main:o.e.j.s.Server@415] - Started @911ms
2024-06-21 13:26:44,869 [myid:] - INFO  [main:o.a.z.s.a.JettyAdminServer@201] - Started AdminServer on address 0.0.0.0, port 8080 and command URL /commands
2024-06-21 13:26:44,873 [myid:] - INFO  [main:o.a.z.s.ServerCnxnFactory@169] - Using org.apache.zookeeper.server.NIOServerCnxnFactory as server connection factory
2024-06-21 13:26:44,874 [myid:] - WARN  [main:o.a.z.s.ServerCnxnFactory@309] - maxCnxns is not configured, using default value 0.
2024-06-21 13:26:44,875 [myid:] - INFO  [main:o.a.z.s.NIOServerCnxnFactory@652] - Configuring NIO connection handler with 10s sessionless connection timeout, 2 selector thread(s), 16 worker threads, and 64 kB direct buffers.
2024-06-21 13:26:44,876 [myid:] - INFO  [main:o.a.z.s.NIOServerCnxnFactory@660] - binding to port 0.0.0.0/0.0.0.0:5590
2024-06-21 13:26:44,887 [myid:] - INFO  [main:o.a.z.s.w.WatchManagerFactory@42] - Using org.apache.zookeeper.server.watch.WatchManager as watch manager
2024-06-21 13:26:44,887 [myid:] - INFO  [main:o.a.z.s.w.WatchManagerFactory@42] - Using org.apache.zookeeper.server.watch.WatchManager as watch manager
2024-06-21 13:26:44,887 [myid:] - INFO  [main:o.a.z.s.ZKDatabase@134] - zookeeper.snapshotSizeFactor = 0.33
2024-06-21 13:26:44,887 [myid:] - INFO  [main:o.a.z.s.ZKDatabase@154] - zookeeper.commitLogCount=500
2024-06-21 13:26:44,889 [myid:] - INFO  [main:o.a.z.s.p.SnapStream@61] - zookeeper.snapshot.compression.method = CHECKED
2024-06-21 13:26:44,890 [myid:] - INFO  [main:o.a.z.s.p.FileSnap@86] - Reading snapshot ../snapshot_data/version-2/snapshot.4
2024-06-21 13:26:44,892 [myid:] - INFO  [main:o.a.z.s.DataTree@1712] - The digest value is empty in snapshot
2024-06-21 13:26:44,902 [myid:] - INFO  [main:o.a.z.s.p.FileTxnSnapLog@372] - 21 txns loaded in 6 ms
2024-06-21 13:26:44,903 [myid:] - INFO  [main:o.a.z.s.ZKDatabase@291] - Snapshot loaded in 15 ms, highest zxid is 0x19, digest is 8991864149
2024-06-21 13:26:44,904 [myid:] - INFO  [main:o.a.z.s.p.FileTxnSnapLog@480] - Snapshotting: 0x19 to ../snapshot_data/version-2/snapshot.19
2024-06-21 13:26:44,906 [myid:] - INFO  [main:o.a.z.s.ZooKeeperServer@589] - Snapshot taken in 2 ms
2024-06-21 13:26:44,915 [myid:] - INFO  [ProcessThread(sid:0 cport:5590)::o.a.z.s.PrepRequestProcessor@138] - PrepRequestProcessor (sid:0) started, reconfigEnabled=false
2024-06-21 13:26:44,915 [myid:] - INFO  [main:o.a.z.s.RequestThrottler@75] - zookeeper.request_throttler.shutdownTimeout = 10000 ms
2024-06-21 13:26:44,934 [myid:] - INFO  [main:o.a.z.s.ContainerManager@83] - Using checkIntervalMs=60000 maxPerMinute=10000 maxNeverUsedIntervalMs=0
2024-06-21 13:26:44,935 [myid:] - INFO  [main:o.a.z.a.ZKAuditProvider@42] - ZooKeeper audit is disabled.
