2024-06-11 19:02:45,513 [myid:] - INFO  [main:o.a.z.s.q.QuorumPeerConfig@177] - Reading configuration from: /home/giancarloff/Documents/2024/Primeiro Semestre/Comp Dist/INE5418/T2/apache-zookeeper-3.9.2-bin/bin/../conf/zoo.cfg
2024-06-11 19:02:45,515 [myid:] - WARN  [main:o.a.z.s.u.VerifyingFileFactory@65] - ../snapshot_data is relative. Prepend ./ to indicate that you're sure!
2024-06-11 19:02:45,516 [myid:] - INFO  [main:o.a.z.s.q.QuorumPeerConfig@440] - clientPortAddress is 0.0.0.0:5590
2024-06-11 19:02:45,517 [myid:] - INFO  [main:o.a.z.s.q.QuorumPeerConfig@444] - secureClientPort is not set
2024-06-11 19:02:45,517 [myid:] - INFO  [main:o.a.z.s.q.QuorumPeerConfig@460] - observerMasterPort is not set
2024-06-11 19:02:45,517 [myid:] - INFO  [main:o.a.z.s.q.QuorumPeerConfig@477] - metricsProvider.className is org.apache.zookeeper.metrics.impl.DefaultMetricsProvider
2024-06-11 19:02:45,519 [myid:] - INFO  [main:o.a.z.s.DatadirCleanupManager@78] - autopurge.snapRetainCount set to 3
2024-06-11 19:02:45,519 [myid:] - INFO  [main:o.a.z.s.DatadirCleanupManager@79] - autopurge.purgeInterval set to 0
2024-06-11 19:02:45,519 [myid:] - INFO  [main:o.a.z.s.DatadirCleanupManager@101] - Purge task is not scheduled.
2024-06-11 19:02:45,519 [myid:] - WARN  [main:o.a.z.s.q.QuorumPeerMain@139] - Either no config or no quorum defined in config, running in standalone mode
2024-06-11 19:02:45,520 [myid:] - INFO  [main:o.a.z.j.ManagedUtil@46] - Log4j 1.2 jmx support not found; jmx disabled.
2024-06-11 19:02:45,521 [myid:] - INFO  [main:o.a.z.s.q.QuorumPeerConfig@177] - Reading configuration from: /home/giancarloff/Documents/2024/Primeiro Semestre/Comp Dist/INE5418/T2/apache-zookeeper-3.9.2-bin/bin/../conf/zoo.cfg
2024-06-11 19:02:45,521 [myid:] - WARN  [main:o.a.z.s.u.VerifyingFileFactory@65] - ../snapshot_data is relative. Prepend ./ to indicate that you're sure!
2024-06-11 19:02:45,522 [myid:] - INFO  [main:o.a.z.s.q.QuorumPeerConfig@440] - clientPortAddress is 0.0.0.0:5590
2024-06-11 19:02:45,522 [myid:] - INFO  [main:o.a.z.s.q.QuorumPeerConfig@444] - secureClientPort is not set
2024-06-11 19:02:45,522 [myid:] - INFO  [main:o.a.z.s.q.QuorumPeerConfig@460] - observerMasterPort is not set
2024-06-11 19:02:45,522 [myid:] - INFO  [main:o.a.z.s.q.QuorumPeerConfig@477] - metricsProvider.className is org.apache.zookeeper.metrics.impl.DefaultMetricsProvider
2024-06-11 19:02:45,522 [myid:] - INFO  [main:o.a.z.s.ZooKeeperServerMain@123] - Starting server
2024-06-11 19:02:45,534 [myid:] - INFO  [main:o.a.z.s.ServerMetrics@64] - ServerMetrics initialized with provider org.apache.zookeeper.metrics.impl.DefaultMetricsProvider@6069db50
2024-06-11 19:02:45,537 [myid:] - INFO  [main:o.a.z.s.a.DigestAuthenticationProvider@51] - ACL digest algorithm is: SHA1
2024-06-11 19:02:45,537 [myid:] - INFO  [main:o.a.z.s.a.DigestAuthenticationProvider@65] - zookeeper.DigestAuthenticationProvider.enabled = true
2024-06-11 19:02:45,540 [myid:] - INFO  [main:o.a.z.s.p.FileTxnSnapLog@124] - zookeeper.snapshot.trust.empty : false
2024-06-11 19:02:45,550 [myid:] - INFO  [main:o.a.z.ZookeeperBanner@42] - 
2024-06-11 19:02:45,550 [myid:] - INFO  [main:o.a.z.ZookeeperBanner@42] -   ______                  _                                          
2024-06-11 19:02:45,550 [myid:] - INFO  [main:o.a.z.ZookeeperBanner@42] -  |___  /                 | |                                         
2024-06-11 19:02:45,550 [myid:] - INFO  [main:o.a.z.ZookeeperBanner@42] -     / /    ___     ___   | | __   ___    ___   _ __     ___   _ __   
2024-06-11 19:02:45,551 [myid:] - INFO  [main:o.a.z.ZookeeperBanner@42] -    / /    / _ \   / _ \  | |/ /  / _ \  / _ \ | '_ \   / _ \ | '__|
2024-06-11 19:02:45,551 [myid:] - INFO  [main:o.a.z.ZookeeperBanner@42] -   / /__  | (_) | | (_) | |   <  |  __/ |  __/ | |_) | |  __/ | |    
2024-06-11 19:02:45,551 [myid:] - INFO  [main:o.a.z.ZookeeperBanner@42] -  /_____|  \___/   \___/  |_|\_\  \___|  \___| | .__/   \___| |_|
2024-06-11 19:02:45,551 [myid:] - INFO  [main:o.a.z.ZookeeperBanner@42] -                                               | |                     
2024-06-11 19:02:45,551 [myid:] - INFO  [main:o.a.z.ZookeeperBanner@42] -                                               |_|                     
2024-06-11 19:02:45,551 [myid:] - INFO  [main:o.a.z.ZookeeperBanner@42] - 
2024-06-11 19:02:45,552 [myid:] - INFO  [main:o.a.z.Environment@98] - Server environment:zookeeper.version=3.9.2-e454e8c7283100c7caec6dcae2bc82aaecb63023, built on 2024-02-12 20:59 UTC
2024-06-11 19:02:45,553 [myid:] - INFO  [main:o.a.z.Environment@98] - Server environment:host.name=cliente-150-162-221-242.wireless.ufsc.br
2024-06-11 19:02:45,553 [myid:] - INFO  [main:o.a.z.Environment@98] - Server environment:java.version=17.0.11
2024-06-11 19:02:45,553 [myid:] - INFO  [main:o.a.z.Environment@98] - Server environment:java.vendor=Red Hat, Inc.
2024-06-11 19:02:45,553 [myid:] - INFO  [main:o.a.z.Environment@98] - Server environment:java.home=/usr/lib/jvm/java-17-openjdk-17.0.11.0.9-1.fc39.x86_64
2024-06-11 19:02:45,553 [myid:] - INFO  [main:o.a.z.Environment@98] - Server environment:java.class.path=/home/giancarloff/Documents/2024/Primeiro Semestre/Comp Dist/INE5418/T2/apache-zookeeper-3.9.2-bin/bin/../zookeeper-metrics-providers/zookeeper-prometheus-metrics/target/classes:/home/giancarloff/Documents/2024/Primeiro Semestre/Comp Dist/INE5418/T2/apache-zookeeper-3.9.2-bin/bin/../zookeeper-server/target/classes:/home/giancarloff/Documents/2024/Primeiro Semestre/Comp Dist/INE5418/T2/apache-zookeeper-3.9.2-bin/bin/../build/classes:/home/giancarloff/Documents/2024/Primeiro Semestre/Comp Dist/INE5418/T2/apache-zookeeper-3.9.2-bin/bin/../zookeeper-metrics-providers/zookeeper-prometheus-metrics/target/lib/*.jar:/home/giancarloff/Documents/2024/Primeiro Semestre/Comp Dist/INE5418/T2/apache-zookeeper-3.9.2-bin/bin/../zookeeper-server/target/lib/*.jar:/home/giancarloff/Documents/2024/Primeiro Semestre/Comp Dist/INE5418/T2/apache-zookeeper-3.9.2-bin/bin/../build/lib/*.jar:/home/giancarloff/Documents/2024/Primeiro Semestre/Comp Dist/INE5418/T2/apache-zookeeper-3.9.2-bin/bin/../lib/zookeeper-prometheus-metrics-3.9.2.jar:/home/giancarloff/Documents/2024/Primeiro Semestre/Comp Dist/INE5418/T2/apache-zookeeper-3.9.2-bin/bin/../lib/zookeeper-jute-3.9.2.jar:/home/giancarloff/Documents/2024/Primeiro Semestre/Comp Dist/INE5418/T2/apache-zookeeper-3.9.2-bin/bin/../lib/zookeeper-3.9.2.jar:/home/giancarloff/Documents/2024/Primeiro Semestre/Comp Dist/INE5418/T2/apache-zookeeper-3.9.2-bin/bin/../lib/snappy-java-1.1.10.5.jar:/home/giancarloff/Documents/2024/Primeiro Semestre/Comp Dist/INE5418/T2/apache-zookeeper-3.9.2-bin/bin/../lib/slf4j-api-1.7.30.jar:/home/giancarloff/Documents/2024/Primeiro Semestre/Comp Dist/INE5418/T2/apache-zookeeper-3.9.2-bin/bin/../lib/simpleclient_servlet-0.9.0.jar:/home/giancarloff/Documents/2024/Primeiro Semestre/Comp Dist/INE5418/T2/apache-zookeeper-3.9.2-bin/bin/../lib/simpleclient_hotspot-0.9.0.jar:/home/giancarloff/Documents/2024/Primeiro Semestre/Comp Dist/INE5418/T2/apache-zookeeper-3.9.2-bin/bin/../lib/simpleclient_common-0.9.0.jar:/home/giancarloff/Documents/2024/Primeiro Semestre/Comp Dist/INE5418/T2/apache-zookeeper-3.9.2-bin/bin/../lib/simpleclient-0.9.0.jar:/home/giancarloff/Documents/2024/Primeiro Semestre/Comp Dist/INE5418/T2/apache-zookeeper-3.9.2-bin/bin/../lib/netty-transport-native-unix-common-4.1.105.Final.jar:/home/giancarloff/Documents/2024/Primeiro Semestre/Comp Dist/INE5418/T2/apache-zookeeper-3.9.2-bin/bin/../lib/netty-transport-native-epoll-4.1.105.Final-linux-x86_64.jar:/home/giancarloff/Documents/2024/Primeiro Semestre/Comp Dist/INE5418/T2/apache-zookeeper-3.9.2-bin/bin/../lib/netty-transport-classes-epoll-4.1.105.Final.jar:/home/giancarloff/Documents/2024/Primeiro Semestre/Comp Dist/INE5418/T2/apache-zookeeper-3.9.2-bin/bin/../lib/netty-transport-4.1.105.Final.jar:/home/giancarloff/Documents/2024/Primeiro Semestre/Comp Dist/INE5418/T2/apache-zookeeper-3.9.2-bin/bin/../lib/netty-tcnative-classes-2.0.61.Final.jar:/home/giancarloff/Documents/2024/Primeiro Semestre/Comp Dist/INE5418/T2/apache-zookeeper-3.9.2-bin/bin/../lib/netty-tcnative-boringssl-static-2.0.61.Final-windows-x86_64.jar:/home/giancarloff/Documents/2024/Primeiro Semestre/Comp Dist/INE5418/T2/apache-zookeeper-3.9.2-bin/bin/../lib/netty-tcnative-boringssl-static-2.0.61.Final-osx-x86_64.jar:/home/giancarloff/Documents/2024/Primeiro Semestre/Comp Dist/INE5418/T2/apache-zookeeper-3.9.2-bin/bin/../lib/netty-tcnative-boringssl-static-2.0.61.Final-osx-aarch_64.jar:/home/giancarloff/Documents/2024/Primeiro Semestre/Comp Dist/INE5418/T2/apache-zookeeper-3.9.2-bin/bin/../lib/netty-tcnative-boringssl-static-2.0.61.Final-linux-x86_64.jar:/home/giancarloff/Documents/2024/Primeiro Semestre/Comp Dist/INE5418/T2/apache-zookeeper-3.9.2-bin/bin/../lib/netty-tcnative-boringssl-static-2.0.61.Final-linux-aarch_64.jar:/home/giancarloff/Documents/2024/Primeiro Semestre/Comp Dist/INE5418/T2/apache-zookeeper-3.9.2-bin/bin/../lib/netty-tcnative-boringssl-static-2.0.61.Final.jar:/home/giancarloff/Documents/2024/Primeiro Semestre/Comp Dist/INE5418/T2/apache-zookeeper-3.9.2-bin/bin/../lib/netty-resolver-4.1.105.Final.jar:/home/giancarloff/Documents/2024/Primeiro Semestre/Comp Dist/INE5418/T2/apache-zookeeper-3.9.2-bin/bin/../lib/netty-handler-4.1.105.Final.jar:/home/giancarloff/Documents/2024/Primeiro Semestre/Comp Dist/INE5418/T2/apache-zookeeper-3.9.2-bin/bin/../lib/netty-common-4.1.105.Final.jar:/home/giancarloff/Documents/2024/Primeiro Semestre/Comp Dist/INE5418/T2/apache-zookeeper-3.9.2-bin/bin/../lib/netty-codec-4.1.105.Final.jar:/home/giancarloff/Documents/2024/Primeiro Semestre/Comp Dist/INE5418/T2/apache-zookeeper-3.9.2-bin/bin/../lib/netty-buffer-4.1.105.Final.jar:/home/giancarloff/Documents/2024/Primeiro Semestre/Comp Dist/INE5418/T2/apache-zookeeper-3.9.2-bin/bin/../lib/metrics-core-4.1.12.1.jar:/home/giancarloff/Documents/2024/Primeiro Semestre/Comp Dist/INE5418/T2/apache-zookeeper-3.9.2-bin/bin/../lib/logback-core-1.2.13.jar:/home/giancarloff/Documents/2024/Primeiro Semestre/Comp Dist/INE5418/T2/apache-zookeeper-3.9.2-bin/bin/../lib/logback-classic-1.2.13.jar:/home/giancarloff/Documents/2024/Primeiro Semestre/Comp Dist/INE5418/T2/apache-zookeeper-3.9.2-bin/bin/../lib/jline-2.14.6.jar:/home/giancarloff/Documents/2024/Primeiro Semestre/Comp Dist/INE5418/T2/apache-zookeeper-3.9.2-bin/bin/../lib/jetty-util-ajax-9.4.53.v20231009.jar:/home/giancarloff/Documents/2024/Primeiro Semestre/Comp Dist/INE5418/T2/apache-zookeeper-3.9.2-bin/bin/../lib/jetty-util-9.4.53.v20231009.jar:/home/giancarloff/Documents/2024/Primeiro Semestre/Comp Dist/INE5418/T2/apache-zookeeper-3.9.2-bin/bin/../lib/jetty-servlet-9.4.53.v20231009.jar:/home/giancarloff/Documents/2024/Primeiro Semestre/Comp Dist/INE5418/T2/apache-zookeeper-3.9.2-bin/bin/../lib/jetty-server-9.4.53.v20231009.jar:/home/giancarloff/Documents/2024/Primeiro Semestre/Comp Dist/INE5418/T2/apache-zookeeper-3.9.2-bin/bin/../lib/jetty-security-9.4.53.v20231009.jar:/home/giancarloff/Documents/2024/Primeiro Semestre/Comp Dist/INE5418/T2/apache-zookeeper-3.9.2-bin/bin/../lib/jetty-io-9.4.53.v20231009.jar:/home/giancarloff/Documents/2024/Primeiro Semestre/Comp Dist/INE5418/T2/apache-zookeeper-3.9.2-bin/bin/../lib/jetty-http-9.4.53.v20231009.jar:/home/giancarloff/Documents/2024/Primeiro Semestre/Comp Dist/INE5418/T2/apache-zookeeper-3.9.2-bin/bin/../lib/javax.servlet-api-3.1.0.jar:/home/giancarloff/Documents/2024/Primeiro Semestre/Comp Dist/INE5418/T2/apache-zookeeper-3.9.2-bin/bin/../lib/jackson-databind-2.15.2.jar:/home/giancarloff/Documents/2024/Primeiro Semestre/Comp Dist/INE5418/T2/apache-zookeeper-3.9.2-bin/bin/../lib/jackson-core-2.15.2.jar:/home/giancarloff/Documents/2024/Primeiro Semestre/Comp Dist/INE5418/T2/apache-zookeeper-3.9.2-bin/bin/../lib/jackson-annotations-2.15.2.jar:/home/giancarloff/Documents/2024/Primeiro Semestre/Comp Dist/INE5418/T2/apache-zookeeper-3.9.2-bin/bin/../lib/commons-io-2.11.0.jar:/home/giancarloff/Documents/2024/Primeiro Semestre/Comp Dist/INE5418/T2/apache-zookeeper-3.9.2-bin/bin/../lib/commons-cli-1.5.0.jar:/home/giancarloff/Documents/2024/Primeiro Semestre/Comp Dist/INE5418/T2/apache-zookeeper-3.9.2-bin/bin/../lib/audience-annotations-0.12.0.jar:/home/giancarloff/Documents/2024/Primeiro Semestre/Comp Dist/INE5418/T2/apache-zookeeper-3.9.2-bin/bin/../zookeeper-*.jar:/home/giancarloff/Documents/2024/Primeiro Semestre/Comp Dist/INE5418/T2/apache-zookeeper-3.9.2-bin/bin/../zookeeper-server/src/main/resources/lib/*.jar:/home/giancarloff/Documents/2024/Primeiro Semestre/Comp Dist/INE5418/T2/apache-zookeeper-3.9.2-bin/bin/../conf:
2024-06-11 19:02:45,553 [myid:] - INFO  [main:o.a.z.Environment@98] - Server environment:java.library.path=/usr/java/packages/lib:/usr/lib64:/lib64:/lib:/usr/lib
2024-06-11 19:02:45,553 [myid:] - INFO  [main:o.a.z.Environment@98] - Server environment:java.io.tmpdir=/tmp
2024-06-11 19:02:45,553 [myid:] - INFO  [main:o.a.z.Environment@98] - Server environment:java.compiler=<NA>
2024-06-11 19:02:45,553 [myid:] - INFO  [main:o.a.z.Environment@98] - Server environment:os.name=Linux
2024-06-11 19:02:45,553 [myid:] - INFO  [main:o.a.z.Environment@98] - Server environment:os.arch=amd64
2024-06-11 19:02:45,554 [myid:] - INFO  [main:o.a.z.Environment@98] - Server environment:os.version=6.8.10-200.fc39.x86_64
2024-06-11 19:02:45,554 [myid:] - INFO  [main:o.a.z.Environment@98] - Server environment:user.name=giancarloff
2024-06-11 19:02:45,554 [myid:] - INFO  [main:o.a.z.Environment@98] - Server environment:user.home=/home/giancarloff
2024-06-11 19:02:45,554 [myid:] - INFO  [main:o.a.z.Environment@98] - Server environment:user.dir=/home/giancarloff/Documents/2024/Primeiro Semestre/Comp Dist/INE5418/T2
2024-06-11 19:02:45,554 [myid:] - INFO  [main:o.a.z.Environment@98] - Server environment:os.memory.free=105MB
2024-06-11 19:02:45,554 [myid:] - INFO  [main:o.a.z.Environment@98] - Server environment:os.memory.max=1000MB
2024-06-11 19:02:45,554 [myid:] - INFO  [main:o.a.z.Environment@98] - Server environment:os.memory.total=122MB
2024-06-11 19:02:45,554 [myid:] - INFO  [main:o.a.z.s.ZooKeeperServer@149] - zookeeper.enableEagerACLCheck = false
2024-06-11 19:02:45,554 [myid:] - INFO  [main:o.a.z.s.ZooKeeperServer@162] - zookeeper.digest.enabled = true
2024-06-11 19:02:45,554 [myid:] - INFO  [main:o.a.z.s.ZooKeeperServer@166] - zookeeper.closeSessionTxn.enabled = true
2024-06-11 19:02:45,554 [myid:] - INFO  [main:o.a.z.s.ZooKeeperServer@2253] - zookeeper.serializeLastProcessedZxid.enabled = true
2024-06-11 19:02:45,555 [myid:] - INFO  [main:o.a.z.s.ZooKeeperServer@1596] - zookeeper.flushDelay = 0 ms
2024-06-11 19:02:45,555 [myid:] - INFO  [main:o.a.z.s.ZooKeeperServer@1605] - zookeeper.maxWriteQueuePollTime = 0 ms
2024-06-11 19:02:45,555 [myid:] - INFO  [main:o.a.z.s.ZooKeeperServer@1614] - zookeeper.maxBatchSize=1000
2024-06-11 19:02:45,555 [myid:] - INFO  [main:o.a.z.s.ZooKeeperServer@287] - zookeeper.intBufferStartingSizeBytes = 1024
2024-06-11 19:02:45,556 [myid:] - INFO  [main:o.a.z.s.BlueThrottle@141] - Weighed connection throttling is disabled
2024-06-11 19:02:45,556 [myid:] - INFO  [main:o.a.z.s.AuthenticationHelper@66] - zookeeper.enforce.auth.enabled = false
2024-06-11 19:02:45,557 [myid:] - INFO  [main:o.a.z.s.AuthenticationHelper@67] - zookeeper.enforce.auth.schemes = []
2024-06-11 19:02:45,557 [myid:] - INFO  [main:o.a.z.s.ZooKeeperServer@1406] - minSessionTimeout set to 4000 ms
2024-06-11 19:02:45,557 [myid:] - INFO  [main:o.a.z.s.ZooKeeperServer@1415] - maxSessionTimeout set to 40000 ms
2024-06-11 19:02:45,559 [myid:] - INFO  [main:o.a.z.s.ResponseCache@45] - getData response cache size is initialized with value 400.
2024-06-11 19:02:45,559 [myid:] - INFO  [main:o.a.z.s.ResponseCache@45] - getChildren response cache size is initialized with value 400.
2024-06-11 19:02:45,560 [myid:] - INFO  [main:o.a.z.s.u.RequestPathMetricsCollector@109] - zookeeper.pathStats.slotCapacity = 60
2024-06-11 19:02:45,560 [myid:] - INFO  [main:o.a.z.s.u.RequestPathMetricsCollector@110] - zookeeper.pathStats.slotDuration = 15
2024-06-11 19:02:45,560 [myid:] - INFO  [main:o.a.z.s.u.RequestPathMetricsCollector@111] - zookeeper.pathStats.maxDepth = 6
2024-06-11 19:02:45,560 [myid:] - INFO  [main:o.a.z.s.u.RequestPathMetricsCollector@112] - zookeeper.pathStats.initialDelay = 5
2024-06-11 19:02:45,560 [myid:] - INFO  [main:o.a.z.s.u.RequestPathMetricsCollector@113] - zookeeper.pathStats.delay = 5
2024-06-11 19:02:45,560 [myid:] - INFO  [main:o.a.z.s.u.RequestPathMetricsCollector@114] - zookeeper.pathStats.enabled = false
2024-06-11 19:02:45,563 [myid:] - INFO  [main:o.a.z.s.ZooKeeperServer@1633] - The max bytes for all large requests are set to 104857600
2024-06-11 19:02:45,563 [myid:] - INFO  [main:o.a.z.s.ZooKeeperServer@1647] - The large request threshold is set to -1
2024-06-11 19:02:45,563 [myid:] - INFO  [main:o.a.z.s.ZooKeeperServer@385] - Created server with tickTime 2000 ms minSessionTimeout 4000 ms maxSessionTimeout 40000 ms clientPortListenBacklog -1 dataLogdir ../snapshot_data/version-2 snapdir ../snapshot_data/version-2
2024-06-11 19:02:45,585 [myid:] - INFO  [main:o.e.j.u.l.Log@170] - Logging initialized @692ms to org.eclipse.jetty.util.log.Slf4jLog
2024-06-11 19:02:45,647 [myid:] - WARN  [main:o.e.j.s.h.ContextHandler@1662] - o.e.j.s.ServletContextHandler@4f2b503c{/,null,STOPPED} contextPath ends with /*
2024-06-11 19:02:45,647 [myid:] - WARN  [main:o.e.j.s.h.ContextHandler@1673] - Empty contextPath
2024-06-11 19:02:45,663 [myid:] - INFO  [main:o.e.j.s.Server@375] - jetty-9.4.53.v20231009; built: 2023-10-09T12:29:09.265Z; git: 27bde00a0b95a1d5bbee0eae7984f891d2d0f8c9; jvm 17.0.11+9
2024-06-11 19:02:45,688 [myid:] - INFO  [main:o.e.j.s.s.DefaultSessionIdManager@334] - DefaultSessionIdManager workerName=node0
2024-06-11 19:02:45,688 [myid:] - INFO  [main:o.e.j.s.s.DefaultSessionIdManager@339] - No SessionScavenger set, using defaults
2024-06-11 19:02:45,689 [myid:] - INFO  [main:o.e.j.s.s.HouseKeeper@132] - node0 Scavenging every 660000ms
2024-06-11 19:02:45,691 [myid:] - WARN  [main:o.e.j.s.ConstraintSecurityHandler@759] - ServletContext@o.e.j.s.ServletContextHandler@4f2b503c{/,null,STARTING} has uncovered http methods for path: /*
2024-06-11 19:02:45,700 [myid:] - INFO  [main:o.e.j.s.h.ContextHandler@921] - Started o.e.j.s.ServletContextHandler@4f2b503c{/,null,AVAILABLE}
2024-06-11 19:02:45,711 [myid:] - INFO  [main:o.e.j.s.AbstractConnector@333] - Started ServerConnector@5fd4f8f5{HTTP/1.1, (http/1.1)}{0.0.0.0:8080}
2024-06-11 19:02:45,711 [myid:] - INFO  [main:o.e.j.s.Server@415] - Started @818ms
2024-06-11 19:02:45,711 [myid:] - INFO  [main:o.a.z.s.a.JettyAdminServer@201] - Started AdminServer on address 0.0.0.0, port 8080 and command URL /commands
2024-06-11 19:02:45,715 [myid:] - INFO  [main:o.a.z.s.ServerCnxnFactory@169] - Using org.apache.zookeeper.server.NIOServerCnxnFactory as server connection factory
2024-06-11 19:02:45,716 [myid:] - WARN  [main:o.a.z.s.ServerCnxnFactory@309] - maxCnxns is not configured, using default value 0.
2024-06-11 19:02:45,717 [myid:] - INFO  [main:o.a.z.s.NIOServerCnxnFactory@652] - Configuring NIO connection handler with 10s sessionless connection timeout, 2 selector thread(s), 16 worker threads, and 64 kB direct buffers.
2024-06-11 19:02:45,718 [myid:] - INFO  [main:o.a.z.s.NIOServerCnxnFactory@660] - binding to port 0.0.0.0/0.0.0.0:5590
2024-06-11 19:02:45,728 [myid:] - INFO  [main:o.a.z.s.w.WatchManagerFactory@42] - Using org.apache.zookeeper.server.watch.WatchManager as watch manager
2024-06-11 19:02:45,728 [myid:] - INFO  [main:o.a.z.s.w.WatchManagerFactory@42] - Using org.apache.zookeeper.server.watch.WatchManager as watch manager
2024-06-11 19:02:45,729 [myid:] - INFO  [main:o.a.z.s.ZKDatabase@134] - zookeeper.snapshotSizeFactor = 0.33
2024-06-11 19:02:45,729 [myid:] - INFO  [main:o.a.z.s.ZKDatabase@154] - zookeeper.commitLogCount=500
2024-06-11 19:02:45,731 [myid:] - INFO  [main:o.a.z.s.p.SnapStream@61] - zookeeper.snapshot.compression.method = CHECKED
2024-06-11 19:02:45,732 [myid:] - INFO  [main:o.a.z.s.p.FileSnap@86] - Reading snapshot ../snapshot_data/version-2/snapshot.0
2024-06-11 19:02:45,734 [myid:] - INFO  [main:o.a.z.s.DataTree@1712] - The digest value is empty in snapshot
2024-06-11 19:02:45,736 [myid:] - INFO  [main:o.a.z.s.ZKDatabase@291] - Snapshot loaded in 7 ms, highest zxid is 0x0, digest is 1371985504
2024-06-11 19:02:45,737 [myid:] - INFO  [main:o.a.z.s.p.FileTxnSnapLog@480] - Snapshotting: 0x0 to ../snapshot_data/version-2/snapshot.0
2024-06-11 19:02:45,739 [myid:] - INFO  [main:o.a.z.s.ZooKeeperServer@589] - Snapshot taken in 1 ms
2024-06-11 19:02:45,745 [myid:] - INFO  [ProcessThread(sid:0 cport:5590)::o.a.z.s.PrepRequestProcessor@138] - PrepRequestProcessor (sid:0) started, reconfigEnabled=false
2024-06-11 19:02:45,745 [myid:] - INFO  [main:o.a.z.s.RequestThrottler@75] - zookeeper.request_throttler.shutdownTimeout = 10000 ms
2024-06-11 19:02:45,756 [myid:] - INFO  [main:o.a.z.s.ContainerManager@83] - Using checkIntervalMs=60000 maxPerMinute=10000 maxNeverUsedIntervalMs=0
2024-06-11 19:02:45,757 [myid:] - INFO  [main:o.a.z.a.ZKAuditProvider@42] - ZooKeeper audit is disabled.
2024-06-11 19:32:29,530 [myid:] - INFO  [SyncThread:0:o.a.z.s.p.FileTxnLog@284] - Creating new log file: log.1
2024-06-11 19:32:31,113 [myid:] - INFO  [NIOWorkerThread-9:o.a.z.s.NIOServerCnxn@342] - Unable to read additional data from client, it probably closed the socket: address = /127.0.0.1:33536, session = 0x1000063bacb0000
2024-06-11 19:32:39,856 [myid:] - INFO  [SessionTracker:o.a.z.s.ZooKeeperServer@730] - Expiring session 0x1000063bacb0000, timeout of 10000ms exceeded
2024-06-11 19:33:25,665 [myid:] - INFO  [NIOWorkerThread-2:o.a.z.s.NIOServerCnxn@342] - Unable to read additional data from client, it probably closed the socket: address = /127.0.0.1:40130, session = 0x1000063bacb0001
2024-06-11 19:33:35,857 [myid:] - INFO  [SessionTracker:o.a.z.s.ZooKeeperServer@730] - Expiring session 0x1000063bacb0001, timeout of 10000ms exceeded
2024-06-11 19:44:30,143 [myid:] - INFO  [NIOWorkerThread-11:o.a.z.s.NIOServerCnxn@342] - Unable to read additional data from client, it probably closed the socket: address = /127.0.0.1:52452, session = 0x1000063bacb0002
2024-06-11 19:44:41,857 [myid:] - INFO  [SessionTracker:o.a.z.s.ZooKeeperServer@730] - Expiring session 0x1000063bacb0002, timeout of 10000ms exceeded
2024-06-11 19:46:46,251 [myid:] - INFO  [NIOWorkerThread-4:o.a.z.s.NIOServerCnxn@342] - Unable to read additional data from client, it probably closed the socket: address = /127.0.0.1:32828, session = 0x1000063bacb0004
2024-06-11 19:46:55,857 [myid:] - INFO  [SessionTracker:o.a.z.s.ZooKeeperServer@730] - Expiring session 0x1000063bacb0004, timeout of 10000ms exceeded
2024-06-11 19:46:58,971 [myid:] - INFO  [NIOWorkerThread-5:o.a.z.s.NIOServerCnxn@342] - Unable to read additional data from client, it probably closed the socket: address = /127.0.0.1:52468, session = 0x1000063bacb0003
2024-06-11 19:47:07,857 [myid:] - INFO  [SessionTracker:o.a.z.s.ZooKeeperServer@730] - Expiring session 0x1000063bacb0003, timeout of 10000ms exceeded
2024-06-11 19:50:00,281 [myid:] - INFO  [NIOWorkerThread-2:o.a.z.s.NIOServerCnxn@342] - Unable to read additional data from client, it probably closed the socket: address = /127.0.0.1:46274, session = 0x1000063bacb0005
2024-06-11 19:50:02,567 [myid:] - INFO  [NIOWorkerThread-3:o.a.z.s.NIOServerCnxn@342] - Unable to read additional data from client, it probably closed the socket: address = /127.0.0.1:57582, session = 0x1000063bacb0006
2024-06-11 19:50:09,857 [myid:] - INFO  [SessionTracker:o.a.z.s.ZooKeeperServer@730] - Expiring session 0x1000063bacb0006, timeout of 10000ms exceeded
2024-06-11 19:50:09,857 [myid:] - INFO  [SessionTracker:o.a.z.s.ZooKeeperServer@730] - Expiring session 0x1000063bacb0005, timeout of 10000ms exceeded
