2024-06-30 17:33:01,663 [myid:] - INFO  [main:o.a.z.s.q.QuorumPeerConfig@177] - Reading configuration from: /home/vicente/Documents/Projetos/Distribuida/INE5418-main/T2/server.1/apache-zookeeper-3.9.2-bin/bin/../conf/zoo.cfg
2024-06-30 17:33:01,667 [myid:] - INFO  [main:o.a.z.s.q.QuorumPeerConfig@440] - clientPortAddress is 0.0.0.0:5551
2024-06-30 17:33:01,667 [myid:] - INFO  [main:o.a.z.s.q.QuorumPeerConfig@444] - secureClientPort is not set
2024-06-30 17:33:01,667 [myid:] - INFO  [main:o.a.z.s.q.QuorumPeerConfig@460] - observerMasterPort is not set
2024-06-30 17:33:01,667 [myid:] - INFO  [main:o.a.z.s.q.QuorumPeerConfig@477] - metricsProvider.className is org.apache.zookeeper.metrics.impl.DefaultMetricsProvider
2024-06-30 17:33:01,671 [myid:1] - INFO  [main:o.a.z.s.DatadirCleanupManager@78] - autopurge.snapRetainCount set to 3
2024-06-30 17:33:01,671 [myid:1] - INFO  [main:o.a.z.s.DatadirCleanupManager@79] - autopurge.purgeInterval set to 0
2024-06-30 17:33:01,671 [myid:1] - INFO  [main:o.a.z.s.DatadirCleanupManager@101] - Purge task is not scheduled.
2024-06-30 17:33:01,671 [myid:1] - INFO  [main:o.a.z.j.ManagedUtil@46] - Log4j 1.2 jmx support not found; jmx disabled.
2024-06-30 17:33:01,671 [myid:1] - INFO  [main:o.a.z.s.q.QuorumPeerMain@152] - Starting quorum peer, myid=1
2024-06-30 17:33:01,677 [myid:1] - INFO  [main:o.a.z.s.ServerMetrics@64] - ServerMetrics initialized with provider org.apache.zookeeper.metrics.impl.DefaultMetricsProvider@3754a4bf
2024-06-30 17:33:01,679 [myid:1] - INFO  [main:o.a.z.s.a.DigestAuthenticationProvider@51] - ACL digest algorithm is: SHA1
2024-06-30 17:33:01,679 [myid:1] - INFO  [main:o.a.z.s.a.DigestAuthenticationProvider@65] - zookeeper.DigestAuthenticationProvider.enabled = true
2024-06-30 17:33:01,681 [myid:1] - INFO  [main:o.a.z.s.ServerCnxnFactory@169] - Using org.apache.zookeeper.server.NIOServerCnxnFactory as server connection factory
2024-06-30 17:33:01,682 [myid:1] - WARN  [main:o.a.z.s.ServerCnxnFactory@309] - maxCnxns is not configured, using default value 0.
2024-06-30 17:33:01,683 [myid:1] - INFO  [main:o.a.z.s.NIOServerCnxnFactory@652] - Configuring NIO connection handler with 10s sessionless connection timeout, 2 selector thread(s), 24 worker threads, and 64 kB direct buffers.
2024-06-30 17:33:01,686 [myid:1] - INFO  [main:o.a.z.s.NIOServerCnxnFactory@660] - binding to port 0.0.0.0/0.0.0.0:5551
2024-06-30 17:33:01,690 [myid:1] - INFO  [main:o.a.z.s.q.QuorumPeer@801] - zookeeper.quorumCnxnTimeoutMs=-1
2024-06-30 17:33:01,701 [myid:1] - INFO  [main:o.e.j.u.l.Log@170] - Logging initialized @305ms to org.eclipse.jetty.util.log.Slf4jLog
2024-06-30 17:33:01,744 [myid:1] - WARN  [main:o.e.j.s.h.ContextHandler@1662] - o.e.j.s.ServletContextHandler@18df8434{/,null,STOPPED} contextPath ends with /*
2024-06-30 17:33:01,744 [myid:1] - WARN  [main:o.e.j.s.h.ContextHandler@1673] - Empty contextPath
2024-06-30 17:33:01,754 [myid:1] - INFO  [main:o.a.z.c.X509Util@88] - Setting -D jdk.tls.rejectClientInitiatedRenegotiation=true to disable client-initiated TLS renegotiation
2024-06-30 17:33:01,831 [myid:1] - INFO  [main:o.a.z.c.X509Util@110] - Default TLS protocol is TLSv1.3, supported TLS protocols are [TLSv1.3, TLSv1.2, TLSv1.1, TLSv1, SSLv3, SSLv2Hello]
2024-06-30 17:33:01,833 [myid:1] - INFO  [main:o.a.z.s.p.FileTxnSnapLog@124] - zookeeper.snapshot.trust.empty : false
2024-06-30 17:33:01,835 [myid:1] - INFO  [main:o.a.z.s.q.QuorumPeer@1781] - Local sessions disabled
2024-06-30 17:33:01,835 [myid:1] - INFO  [main:o.a.z.s.q.QuorumPeer@1792] - Local session upgrading disabled
2024-06-30 17:33:01,835 [myid:1] - INFO  [main:o.a.z.s.q.QuorumPeer@1759] - tickTime set to 2000
2024-06-30 17:33:01,835 [myid:1] - INFO  [main:o.a.z.s.q.QuorumPeer@1803] - minSessionTimeout set to 4000
2024-06-30 17:33:01,835 [myid:1] - INFO  [main:o.a.z.s.q.QuorumPeer@1814] - maxSessionTimeout set to 40000
2024-06-30 17:33:01,835 [myid:1] - INFO  [main:o.a.z.s.q.QuorumPeer@1839] - initLimit set to 10
2024-06-30 17:33:01,835 [myid:1] - INFO  [main:o.a.z.s.q.QuorumPeer@2026] - syncLimit set to 5
2024-06-30 17:33:01,835 [myid:1] - INFO  [main:o.a.z.s.q.QuorumPeer@2041] - connectToLearnerMasterLimit set to 0
2024-06-30 17:33:01,840 [myid:1] - INFO  [main:o.a.z.ZookeeperBanner@42] - 
2024-06-30 17:33:01,840 [myid:1] - INFO  [main:o.a.z.ZookeeperBanner@42] -   ______                  _                                          
2024-06-30 17:33:01,840 [myid:1] - INFO  [main:o.a.z.ZookeeperBanner@42] -  |___  /                 | |                                         
2024-06-30 17:33:01,840 [myid:1] - INFO  [main:o.a.z.ZookeeperBanner@42] -     / /    ___     ___   | | __   ___    ___   _ __     ___   _ __   
2024-06-30 17:33:01,840 [myid:1] - INFO  [main:o.a.z.ZookeeperBanner@42] -    / /    / _ \   / _ \  | |/ /  / _ \  / _ \ | '_ \   / _ \ | '__|
2024-06-30 17:33:01,840 [myid:1] - INFO  [main:o.a.z.ZookeeperBanner@42] -   / /__  | (_) | | (_) | |   <  |  __/ |  __/ | |_) | |  __/ | |    
2024-06-30 17:33:01,840 [myid:1] - INFO  [main:o.a.z.ZookeeperBanner@42] -  /_____|  \___/   \___/  |_|\_\  \___|  \___| | .__/   \___| |_|
2024-06-30 17:33:01,840 [myid:1] - INFO  [main:o.a.z.ZookeeperBanner@42] -                                               | |                     
2024-06-30 17:33:01,840 [myid:1] - INFO  [main:o.a.z.ZookeeperBanner@42] -                                               |_|                     
2024-06-30 17:33:01,840 [myid:1] - INFO  [main:o.a.z.ZookeeperBanner@42] - 
2024-06-30 17:33:01,841 [myid:1] - INFO  [main:o.a.z.Environment@98] - Server environment:zookeeper.version=3.9.2-e454e8c7283100c7caec6dcae2bc82aaecb63023, built on 2024-02-12 20:59 UTC
2024-06-30 17:33:01,841 [myid:1] - INFO  [main:o.a.z.Environment@98] - Server environment:host.name=vicente-pc
2024-06-30 17:33:01,841 [myid:1] - INFO  [main:o.a.z.Environment@98] - Server environment:java.version=11.0.23
2024-06-30 17:33:01,841 [myid:1] - INFO  [main:o.a.z.Environment@98] - Server environment:java.vendor=Ubuntu
2024-06-30 17:33:01,841 [myid:1] - INFO  [main:o.a.z.Environment@98] - Server environment:java.home=/usr/lib/jvm/java-11-openjdk-amd64
2024-06-30 17:33:01,841 [myid:1] - INFO  [main:o.a.z.Environment@98] - Server environment:java.class.path=/home/vicente/Documents/Projetos/Distribuida/INE5418-main/T2/server.1/apache-zookeeper-3.9.2-bin/bin/../zookeeper-metrics-providers/zookeeper-prometheus-metrics/target/classes:/home/vicente/Documents/Projetos/Distribuida/INE5418-main/T2/server.1/apache-zookeeper-3.9.2-bin/bin/../zookeeper-server/target/classes:/home/vicente/Documents/Projetos/Distribuida/INE5418-main/T2/server.1/apache-zookeeper-3.9.2-bin/bin/../build/classes:/home/vicente/Documents/Projetos/Distribuida/INE5418-main/T2/server.1/apache-zookeeper-3.9.2-bin/bin/../zookeeper-metrics-providers/zookeeper-prometheus-metrics/target/lib/*.jar:/home/vicente/Documents/Projetos/Distribuida/INE5418-main/T2/server.1/apache-zookeeper-3.9.2-bin/bin/../zookeeper-server/target/lib/*.jar:/home/vicente/Documents/Projetos/Distribuida/INE5418-main/T2/server.1/apache-zookeeper-3.9.2-bin/bin/../build/lib/*.jar:/home/vicente/Documents/Projetos/Distribuida/INE5418-main/T2/server.1/apache-zookeeper-3.9.2-bin/bin/../lib/zookeeper-prometheus-metrics-3.9.2.jar:/home/vicente/Documents/Projetos/Distribuida/INE5418-main/T2/server.1/apache-zookeeper-3.9.2-bin/bin/../lib/zookeeper-jute-3.9.2.jar:/home/vicente/Documents/Projetos/Distribuida/INE5418-main/T2/server.1/apache-zookeeper-3.9.2-bin/bin/../lib/zookeeper-3.9.2.jar:/home/vicente/Documents/Projetos/Distribuida/INE5418-main/T2/server.1/apache-zookeeper-3.9.2-bin/bin/../lib/snappy-java-1.1.10.5.jar:/home/vicente/Documents/Projetos/Distribuida/INE5418-main/T2/server.1/apache-zookeeper-3.9.2-bin/bin/../lib/slf4j-api-1.7.30.jar:/home/vicente/Documents/Projetos/Distribuida/INE5418-main/T2/server.1/apache-zookeeper-3.9.2-bin/bin/../lib/simpleclient_servlet-0.9.0.jar:/home/vicente/Documents/Projetos/Distribuida/INE5418-main/T2/server.1/apache-zookeeper-3.9.2-bin/bin/../lib/simpleclient_hotspot-0.9.0.jar:/home/vicente/Documents/Projetos/Distribuida/INE5418-main/T2/server.1/apache-zookeeper-3.9.2-bin/bin/../lib/simpleclient_common-0.9.0.jar:/home/vicente/Documents/Projetos/Distribuida/INE5418-main/T2/server.1/apache-zookeeper-3.9.2-bin/bin/../lib/simpleclient-0.9.0.jar:/home/vicente/Documents/Projetos/Distribuida/INE5418-main/T2/server.1/apache-zookeeper-3.9.2-bin/bin/../lib/netty-transport-native-unix-common-4.1.105.Final.jar:/home/vicente/Documents/Projetos/Distribuida/INE5418-main/T2/server.1/apache-zookeeper-3.9.2-bin/bin/../lib/netty-transport-native-epoll-4.1.105.Final-linux-x86_64.jar:/home/vicente/Documents/Projetos/Distribuida/INE5418-main/T2/server.1/apache-zookeeper-3.9.2-bin/bin/../lib/netty-transport-classes-epoll-4.1.105.Final.jar:/home/vicente/Documents/Projetos/Distribuida/INE5418-main/T2/server.1/apache-zookeeper-3.9.2-bin/bin/../lib/netty-transport-4.1.105.Final.jar:/home/vicente/Documents/Projetos/Distribuida/INE5418-main/T2/server.1/apache-zookeeper-3.9.2-bin/bin/../lib/netty-tcnative-classes-2.0.61.Final.jar:/home/vicente/Documents/Projetos/Distribuida/INE5418-main/T2/server.1/apache-zookeeper-3.9.2-bin/bin/../lib/netty-tcnative-boringssl-static-2.0.61.Final-windows-x86_64.jar:/home/vicente/Documents/Projetos/Distribuida/INE5418-main/T2/server.1/apache-zookeeper-3.9.2-bin/bin/../lib/netty-tcnative-boringssl-static-2.0.61.Final-osx-x86_64.jar:/home/vicente/Documents/Projetos/Distribuida/INE5418-main/T2/server.1/apache-zookeeper-3.9.2-bin/bin/../lib/netty-tcnative-boringssl-static-2.0.61.Final-osx-aarch_64.jar:/home/vicente/Documents/Projetos/Distribuida/INE5418-main/T2/server.1/apache-zookeeper-3.9.2-bin/bin/../lib/netty-tcnative-boringssl-static-2.0.61.Final-linux-x86_64.jar:/home/vicente/Documents/Projetos/Distribuida/INE5418-main/T2/server.1/apache-zookeeper-3.9.2-bin/bin/../lib/netty-tcnative-boringssl-static-2.0.61.Final-linux-aarch_64.jar:/home/vicente/Documents/Projetos/Distribuida/INE5418-main/T2/server.1/apache-zookeeper-3.9.2-bin/bin/../lib/netty-tcnative-boringssl-static-2.0.61.Final.jar:/home/vicente/Documents/Projetos/Distribuida/INE5418-main/T2/server.1/apache-zookeeper-3.9.2-bin/bin/../lib/netty-resolver-4.1.105.Final.jar:/home/vicente/Documents/Projetos/Distribuida/INE5418-main/T2/server.1/apache-zookeeper-3.9.2-bin/bin/../lib/netty-handler-4.1.105.Final.jar:/home/vicente/Documents/Projetos/Distribuida/INE5418-main/T2/server.1/apache-zookeeper-3.9.2-bin/bin/../lib/netty-common-4.1.105.Final.jar:/home/vicente/Documents/Projetos/Distribuida/INE5418-main/T2/server.1/apache-zookeeper-3.9.2-bin/bin/../lib/netty-codec-4.1.105.Final.jar:/home/vicente/Documents/Projetos/Distribuida/INE5418-main/T2/server.1/apache-zookeeper-3.9.2-bin/bin/../lib/netty-buffer-4.1.105.Final.jar:/home/vicente/Documents/Projetos/Distribuida/INE5418-main/T2/server.1/apache-zookeeper-3.9.2-bin/bin/../lib/metrics-core-4.1.12.1.jar:/home/vicente/Documents/Projetos/Distribuida/INE5418-main/T2/server.1/apache-zookeeper-3.9.2-bin/bin/../lib/logback-core-1.2.13.jar:/home/vicente/Documents/Projetos/Distribuida/INE5418-main/T2/server.1/apache-zookeeper-3.9.2-bin/bin/../lib/logback-classic-1.2.13.jar:/home/vicente/Documents/Projetos/Distribuida/INE5418-main/T2/server.1/apache-zookeeper-3.9.2-bin/bin/../lib/jline-2.14.6.jar:/home/vicente/Documents/Projetos/Distribuida/INE5418-main/T2/server.1/apache-zookeeper-3.9.2-bin/bin/../lib/jetty-util-ajax-9.4.53.v20231009.jar:/home/vicente/Documents/Projetos/Distribuida/INE5418-main/T2/server.1/apache-zookeeper-3.9.2-bin/bin/../lib/jetty-util-9.4.53.v20231009.jar:/home/vicente/Documents/Projetos/Distribuida/INE5418-main/T2/server.1/apache-zookeeper-3.9.2-bin/bin/../lib/jetty-servlet-9.4.53.v20231009.jar:/home/vicente/Documents/Projetos/Distribuida/INE5418-main/T2/server.1/apache-zookeeper-3.9.2-bin/bin/../lib/jetty-server-9.4.53.v20231009.jar:/home/vicente/Documents/Projetos/Distribuida/INE5418-main/T2/server.1/apache-zookeeper-3.9.2-bin/bin/../lib/jetty-security-9.4.53.v20231009.jar:/home/vicente/Documents/Projetos/Distribuida/INE5418-main/T2/server.1/apache-zookeeper-3.9.2-bin/bin/../lib/jetty-io-9.4.53.v20231009.jar:/home/vicente/Documents/Projetos/Distribuida/INE5418-main/T2/server.1/apache-zookeeper-3.9.2-bin/bin/../lib/jetty-http-9.4.53.v20231009.jar:/home/vicente/Documents/Projetos/Distribuida/INE5418-main/T2/server.1/apache-zookeeper-3.9.2-bin/bin/../lib/javax.servlet-api-3.1.0.jar:/home/vicente/Documents/Projetos/Distribuida/INE5418-main/T2/server.1/apache-zookeeper-3.9.2-bin/bin/../lib/jackson-databind-2.15.2.jar:/home/vicente/Documents/Projetos/Distribuida/INE5418-main/T2/server.1/apache-zookeeper-3.9.2-bin/bin/../lib/jackson-core-2.15.2.jar:/home/vicente/Documents/Projetos/Distribuida/INE5418-main/T2/server.1/apache-zookeeper-3.9.2-bin/bin/../lib/jackson-annotations-2.15.2.jar:/home/vicente/Documents/Projetos/Distribuida/INE5418-main/T2/server.1/apache-zookeeper-3.9.2-bin/bin/../lib/commons-io-2.11.0.jar:/home/vicente/Documents/Projetos/Distribuida/INE5418-main/T2/server.1/apache-zookeeper-3.9.2-bin/bin/../lib/commons-cli-1.5.0.jar:/home/vicente/Documents/Projetos/Distribuida/INE5418-main/T2/server.1/apache-zookeeper-3.9.2-bin/bin/../lib/audience-annotations-0.12.0.jar:/home/vicente/Documents/Projetos/Distribuida/INE5418-main/T2/server.1/apache-zookeeper-3.9.2-bin/bin/../zookeeper-*.jar:/home/vicente/Documents/Projetos/Distribuida/INE5418-main/T2/server.1/apache-zookeeper-3.9.2-bin/bin/../zookeeper-server/src/main/resources/lib/*.jar:/home/vicente/Documents/Projetos/Distribuida/INE5418-main/T2/server.1/apache-zookeeper-3.9.2-bin/bin/../conf:
2024-06-30 17:33:01,841 [myid:1] - INFO  [main:o.a.z.Environment@98] - Server environment:java.library.path=/usr/java/packages/lib:/usr/lib/x86_64-linux-gnu/jni:/lib/x86_64-linux-gnu:/usr/lib/x86_64-linux-gnu:/usr/lib/jni:/lib:/usr/lib
2024-06-30 17:33:01,841 [myid:1] - INFO  [main:o.a.z.Environment@98] - Server environment:java.io.tmpdir=/tmp
2024-06-30 17:33:01,841 [myid:1] - INFO  [main:o.a.z.Environment@98] - Server environment:java.compiler=<NA>
2024-06-30 17:33:01,841 [myid:1] - INFO  [main:o.a.z.Environment@98] - Server environment:os.name=Linux
2024-06-30 17:33:01,841 [myid:1] - INFO  [main:o.a.z.Environment@98] - Server environment:os.arch=amd64
2024-06-30 17:33:01,841 [myid:1] - INFO  [main:o.a.z.Environment@98] - Server environment:os.version=5.15.0-112-generic
2024-06-30 17:33:01,841 [myid:1] - INFO  [main:o.a.z.Environment@98] - Server environment:user.name=vicente
2024-06-30 17:33:01,841 [myid:1] - INFO  [main:o.a.z.Environment@98] - Server environment:user.home=/home/vicente
2024-06-30 17:33:01,841 [myid:1] - INFO  [main:o.a.z.Environment@98] - Server environment:user.dir=/home/vicente/Documents/Projetos/Distribuida/INE5418-main/T2
2024-06-30 17:33:01,842 [myid:1] - INFO  [main:o.a.z.Environment@98] - Server environment:os.memory.free=222MB
2024-06-30 17:33:01,842 [myid:1] - INFO  [main:o.a.z.Environment@98] - Server environment:os.memory.max=1000MB
2024-06-30 17:33:01,842 [myid:1] - INFO  [main:o.a.z.Environment@98] - Server environment:os.memory.total=240MB
2024-06-30 17:33:01,842 [myid:1] - INFO  [main:o.a.z.s.ZooKeeperServer@149] - zookeeper.enableEagerACLCheck = false
2024-06-30 17:33:01,842 [myid:1] - INFO  [main:o.a.z.s.ZooKeeperServer@162] - zookeeper.digest.enabled = true
2024-06-30 17:33:01,842 [myid:1] - INFO  [main:o.a.z.s.ZooKeeperServer@166] - zookeeper.closeSessionTxn.enabled = true
2024-06-30 17:33:01,842 [myid:1] - INFO  [main:o.a.z.s.ZooKeeperServer@2253] - zookeeper.serializeLastProcessedZxid.enabled = true
2024-06-30 17:33:01,842 [myid:1] - INFO  [main:o.a.z.s.ZooKeeperServer@1596] - zookeeper.flushDelay = 0 ms
2024-06-30 17:33:01,842 [myid:1] - INFO  [main:o.a.z.s.ZooKeeperServer@1605] - zookeeper.maxWriteQueuePollTime = 0 ms
2024-06-30 17:33:01,842 [myid:1] - INFO  [main:o.a.z.s.ZooKeeperServer@1614] - zookeeper.maxBatchSize=1000
2024-06-30 17:33:01,842 [myid:1] - INFO  [main:o.a.z.s.ZooKeeperServer@287] - zookeeper.intBufferStartingSizeBytes = 1024
2024-06-30 17:33:01,844 [myid:1] - INFO  [main:o.a.z.s.w.WatchManagerFactory@42] - Using org.apache.zookeeper.server.watch.WatchManager as watch manager
2024-06-30 17:33:01,844 [myid:1] - INFO  [main:o.a.z.s.w.WatchManagerFactory@42] - Using org.apache.zookeeper.server.watch.WatchManager as watch manager
2024-06-30 17:33:01,845 [myid:1] - INFO  [main:o.a.z.s.ZKDatabase@134] - zookeeper.snapshotSizeFactor = 0.33
2024-06-30 17:33:01,845 [myid:1] - INFO  [main:o.a.z.s.ZKDatabase@154] - zookeeper.commitLogCount=500
2024-06-30 17:33:01,849 [myid:1] - INFO  [main:o.a.z.s.q.QuorumPeer@2105] - Using insecure (non-TLS) quorum communication
2024-06-30 17:33:01,850 [myid:1] - INFO  [main:o.a.z.s.q.QuorumPeer@2111] - Port unification disabled
2024-06-30 17:33:01,850 [myid:1] - INFO  [main:o.a.z.s.q.QuorumPeer@184] - multiAddress.enabled set to false
2024-06-30 17:33:01,850 [myid:1] - INFO  [main:o.a.z.s.q.QuorumPeer@209] - multiAddress.reachabilityCheckEnabled set to true
2024-06-30 17:33:01,850 [myid:1] - INFO  [main:o.a.z.s.q.QuorumPeer@196] - multiAddress.reachabilityCheckTimeoutMs set to 1000
2024-06-30 17:33:01,850 [myid:1] - INFO  [main:o.a.z.s.q.QuorumPeer@2573] - QuorumPeer communication is not secured! (SASL auth disabled)
2024-06-30 17:33:01,850 [myid:1] - INFO  [main:o.a.z.s.q.QuorumPeer@2598] - quorum.cnxn.threads.size set to 20
2024-06-30 17:33:01,851 [myid:1] - INFO  [main:o.a.z.s.p.SnapStream@61] - zookeeper.snapshot.compression.method = CHECKED
2024-06-30 17:33:01,852 [myid:1] - INFO  [main:o.a.z.s.p.FileSnap@86] - Reading snapshot ./server.1/apache-zookeeper-3.9.2-bin/snapshot_data/version-2/snapshot.19
2024-06-30 17:33:01,853 [myid:1] - INFO  [main:o.a.z.s.DataTree@1705] - The digest in the snapshot has digest version of 2, with zxid as 0x19, and digest value as 8991864149
2024-06-30 17:33:01,858 [myid:1] - INFO  [main:o.a.z.s.p.FileTxnSnapLog@372] - 9 txns loaded in 2 ms
2024-06-30 17:33:01,858 [myid:1] - INFO  [main:o.a.z.s.ZKDatabase@291] - Snapshot loaded in 8 ms, highest zxid is 0x100000009, digest is 9805617109
2024-06-30 17:33:01,861 [myid:1] - INFO  [main:o.e.j.s.Server@375] - jetty-9.4.53.v20231009; built: 2023-10-09T12:29:09.265Z; git: 27bde00a0b95a1d5bbee0eae7984f891d2d0f8c9; jvm 11.0.23+9-post-Ubuntu-1ubuntu122.04.1
2024-06-30 17:33:01,874 [myid:1] - INFO  [main:o.e.j.s.s.DefaultSessionIdManager@334] - DefaultSessionIdManager workerName=node0
2024-06-30 17:33:01,874 [myid:1] - INFO  [main:o.e.j.s.s.DefaultSessionIdManager@339] - No SessionScavenger set, using defaults
2024-06-30 17:33:01,875 [myid:1] - INFO  [main:o.e.j.s.s.HouseKeeper@132] - node0 Scavenging every 660000ms
2024-06-30 17:33:01,876 [myid:1] - WARN  [main:o.e.j.s.ConstraintSecurityHandler@759] - ServletContext@o.e.j.s.ServletContextHandler@18df8434{/,null,STARTING} has uncovered http methods for path: /*
2024-06-30 17:33:01,880 [myid:1] - INFO  [main:o.e.j.s.h.ContextHandler@921] - Started o.e.j.s.ServletContextHandler@18df8434{/,null,AVAILABLE}
2024-06-30 17:33:01,885 [myid:1] - INFO  [main:o.e.j.s.AbstractConnector@333] - Started ServerConnector@4d465b11{HTTP/1.1, (http/1.1)}{0.0.0.0:8080}
2024-06-30 17:33:01,885 [myid:1] - INFO  [main:o.e.j.s.Server@415] - Started @489ms
2024-06-30 17:33:01,885 [myid:1] - INFO  [main:o.a.z.s.a.JettyAdminServer@201] - Started AdminServer on address 0.0.0.0, port 8080 and command URL /commands
2024-06-30 17:33:01,885 [myid:1] - INFO  [main:o.a.z.s.q.QuorumPeer@2615] - Using 10000ms as the quorum cnxn socket timeout
2024-06-30 17:33:01,887 [myid:1] - INFO  [main:o.a.z.s.q.QuorumCnxManager$Listener@924] - Election port bind maximum retries is 3
2024-06-30 17:33:01,888 [myid:1] - INFO  [main:o.a.z.s.q.FastLeaderElection@90] - zookeeper.fastleader.minNotificationInterval = 200 ms
2024-06-30 17:33:01,888 [myid:1] - INFO  [main:o.a.z.s.q.FastLeaderElection@92] - zookeeper.fastleader.maxNotificationInterval = 60000 ms
2024-06-30 17:33:01,889 [myid:1] - INFO  [main:o.a.z.a.ZKAuditProvider@42] - ZooKeeper audit is disabled.
2024-06-30 17:33:01,889 [myid:] - INFO  [ListenerHandler-/127.0.0.1:28001:o.a.z.s.q.QuorumCnxManager$Listener$ListenerHandler@1071] - 1 is accepting connections now, my election bind port: /127.0.0.1:28001
2024-06-30 17:33:01,894 [myid:] - INFO  [QuorumPeer[myid=1](plain=[0:0:0:0:0:0:0:0]:5551)(secure=disabled):o.a.z.s.q.QuorumPeer@1471] - LOOKING
2024-06-30 17:33:01,894 [myid:] - INFO  [QuorumPeer[myid=1](plain=[0:0:0:0:0:0:0:0]:5551)(secure=disabled):o.a.z.s.q.FastLeaderElection@947] - New election. My id = 1, proposed zxid=0x100000009
2024-06-30 17:33:01,898 [myid:] - INFO  [WorkerReceiver[myid=1]:o.a.z.s.q.FastLeaderElection$Messenger$WorkerReceiver@391] - Notification: my state:LOOKING; n.sid:1, n.state:LOOKING, n.leader:1, n.round:0x1, n.peerEpoch:0x3, n.zxid:0x100000009, message format version:0x2, n.config version:0x0
2024-06-30 17:33:01,900 [myid:] - WARN  [QuorumConnectionThread-[myid=1]-2:o.a.z.s.q.QuorumCnxManager@401] - Cannot open channel to 3 at election address /127.0.0.1:28003
java.net.ConnectException: Connection refused (Connection refused)
	at java.base/java.net.PlainSocketImpl.socketConnect(Native Method)
	at java.base/java.net.AbstractPlainSocketImpl.doConnect(AbstractPlainSocketImpl.java:412)
	at java.base/java.net.AbstractPlainSocketImpl.connectToAddress(AbstractPlainSocketImpl.java:255)
	at java.base/java.net.AbstractPlainSocketImpl.connect(AbstractPlainSocketImpl.java:237)
	at java.base/java.net.SocksSocketImpl.connect(SocksSocketImpl.java:392)
	at java.base/java.net.Socket.connect(Socket.java:609)
	at org.apache.zookeeper.server.quorum.QuorumCnxManager.initiateConnection(QuorumCnxManager.java:384)
	at org.apache.zookeeper.server.quorum.QuorumCnxManager$QuorumConnectionReqThread.run(QuorumCnxManager.java:458)
	at java.base/java.util.concurrent.ThreadPoolExecutor.runWorker(ThreadPoolExecutor.java:1128)
	at java.base/java.util.concurrent.ThreadPoolExecutor$Worker.run(ThreadPoolExecutor.java:628)
	at java.base/java.lang.Thread.run(Thread.java:829)
2024-06-30 17:33:01,900 [myid:] - WARN  [QuorumConnectionThread-[myid=1]-1:o.a.z.s.q.QuorumCnxManager@401] - Cannot open channel to 2 at election address /127.0.0.1:28002
java.net.ConnectException: Connection refused (Connection refused)
	at java.base/java.net.PlainSocketImpl.socketConnect(Native Method)
	at java.base/java.net.AbstractPlainSocketImpl.doConnect(AbstractPlainSocketImpl.java:412)
	at java.base/java.net.AbstractPlainSocketImpl.connectToAddress(AbstractPlainSocketImpl.java:255)
	at java.base/java.net.AbstractPlainSocketImpl.connect(AbstractPlainSocketImpl.java:237)
	at java.base/java.net.SocksSocketImpl.connect(SocksSocketImpl.java:392)
	at java.base/java.net.Socket.connect(Socket.java:609)
	at org.apache.zookeeper.server.quorum.QuorumCnxManager.initiateConnection(QuorumCnxManager.java:384)
	at org.apache.zookeeper.server.quorum.QuorumCnxManager$QuorumConnectionReqThread.run(QuorumCnxManager.java:458)
	at java.base/java.util.concurrent.ThreadPoolExecutor.runWorker(ThreadPoolExecutor.java:1128)
	at java.base/java.util.concurrent.ThreadPoolExecutor$Worker.run(ThreadPoolExecutor.java:628)
	at java.base/java.lang.Thread.run(Thread.java:829)
2024-06-30 17:33:02,100 [myid:] - INFO  [QuorumPeer[myid=1](plain=[0:0:0:0:0:0:0:0]:5551)(secure=disabled):o.a.z.s.q.FastLeaderElection@997] - Notification time out: 400 ms
2024-06-30 17:33:02,100 [myid:] - WARN  [QuorumConnectionThread-[myid=1]-3:o.a.z.s.q.QuorumCnxManager@401] - Cannot open channel to 2 at election address /127.0.0.1:28002
java.net.ConnectException: Connection refused (Connection refused)
	at java.base/java.net.PlainSocketImpl.socketConnect(Native Method)
	at java.base/java.net.AbstractPlainSocketImpl.doConnect(AbstractPlainSocketImpl.java:412)
	at java.base/java.net.AbstractPlainSocketImpl.connectToAddress(AbstractPlainSocketImpl.java:255)
	at java.base/java.net.AbstractPlainSocketImpl.connect(AbstractPlainSocketImpl.java:237)
	at java.base/java.net.SocksSocketImpl.connect(SocksSocketImpl.java:392)
	at java.base/java.net.Socket.connect(Socket.java:609)
	at org.apache.zookeeper.server.quorum.QuorumCnxManager.initiateConnection(QuorumCnxManager.java:384)
	at org.apache.zookeeper.server.quorum.QuorumCnxManager$QuorumConnectionReqThread.run(QuorumCnxManager.java:458)
	at java.base/java.util.concurrent.ThreadPoolExecutor.runWorker(ThreadPoolExecutor.java:1128)
	at java.base/java.util.concurrent.ThreadPoolExecutor$Worker.run(ThreadPoolExecutor.java:628)
	at java.base/java.lang.Thread.run(Thread.java:829)
2024-06-30 17:33:02,100 [myid:] - WARN  [QuorumConnectionThread-[myid=1]-1:o.a.z.s.q.QuorumCnxManager@401] - Cannot open channel to 3 at election address /127.0.0.1:28003
java.net.ConnectException: Connection refused (Connection refused)
	at java.base/java.net.PlainSocketImpl.socketConnect(Native Method)
	at java.base/java.net.AbstractPlainSocketImpl.doConnect(AbstractPlainSocketImpl.java:412)
	at java.base/java.net.AbstractPlainSocketImpl.connectToAddress(AbstractPlainSocketImpl.java:255)
	at java.base/java.net.AbstractPlainSocketImpl.connect(AbstractPlainSocketImpl.java:237)
	at java.base/java.net.SocksSocketImpl.connect(SocksSocketImpl.java:392)
	at java.base/java.net.Socket.connect(Socket.java:609)
	at org.apache.zookeeper.server.quorum.QuorumCnxManager.initiateConnection(QuorumCnxManager.java:384)
	at org.apache.zookeeper.server.quorum.QuorumCnxManager$QuorumConnectionReqThread.run(QuorumCnxManager.java:458)
	at java.base/java.util.concurrent.ThreadPoolExecutor.runWorker(ThreadPoolExecutor.java:1128)
	at java.base/java.util.concurrent.ThreadPoolExecutor$Worker.run(ThreadPoolExecutor.java:628)
	at java.base/java.lang.Thread.run(Thread.java:829)
2024-06-30 17:33:02,501 [myid:] - INFO  [QuorumPeer[myid=1](plain=[0:0:0:0:0:0:0:0]:5551)(secure=disabled):o.a.z.s.q.FastLeaderElection@997] - Notification time out: 800 ms
2024-06-30 17:33:02,501 [myid:] - WARN  [QuorumConnectionThread-[myid=1]-1:o.a.z.s.q.QuorumCnxManager@401] - Cannot open channel to 2 at election address /127.0.0.1:28002
java.net.ConnectException: Connection refused (Connection refused)
	at java.base/java.net.PlainSocketImpl.socketConnect(Native Method)
	at java.base/java.net.AbstractPlainSocketImpl.doConnect(AbstractPlainSocketImpl.java:412)
	at java.base/java.net.AbstractPlainSocketImpl.connectToAddress(AbstractPlainSocketImpl.java:255)
	at java.base/java.net.AbstractPlainSocketImpl.connect(AbstractPlainSocketImpl.java:237)
	at java.base/java.net.SocksSocketImpl.connect(SocksSocketImpl.java:392)
	at java.base/java.net.Socket.connect(Socket.java:609)
	at org.apache.zookeeper.server.quorum.QuorumCnxManager.initiateConnection(QuorumCnxManager.java:384)
	at org.apache.zookeeper.server.quorum.QuorumCnxManager$QuorumConnectionReqThread.run(QuorumCnxManager.java:458)
	at java.base/java.util.concurrent.ThreadPoolExecutor.runWorker(ThreadPoolExecutor.java:1128)
	at java.base/java.util.concurrent.ThreadPoolExecutor$Worker.run(ThreadPoolExecutor.java:628)
	at java.base/java.lang.Thread.run(Thread.java:829)
2024-06-30 17:33:02,502 [myid:] - WARN  [QuorumConnectionThread-[myid=1]-3:o.a.z.s.q.QuorumCnxManager@401] - Cannot open channel to 3 at election address /127.0.0.1:28003
java.net.ConnectException: Connection refused (Connection refused)
	at java.base/java.net.PlainSocketImpl.socketConnect(Native Method)
	at java.base/java.net.AbstractPlainSocketImpl.doConnect(AbstractPlainSocketImpl.java:412)
	at java.base/java.net.AbstractPlainSocketImpl.connectToAddress(AbstractPlainSocketImpl.java:255)
	at java.base/java.net.AbstractPlainSocketImpl.connect(AbstractPlainSocketImpl.java:237)
	at java.base/java.net.SocksSocketImpl.connect(SocksSocketImpl.java:392)
	at java.base/java.net.Socket.connect(Socket.java:609)
	at org.apache.zookeeper.server.quorum.QuorumCnxManager.initiateConnection(QuorumCnxManager.java:384)
	at org.apache.zookeeper.server.quorum.QuorumCnxManager$QuorumConnectionReqThread.run(QuorumCnxManager.java:458)
	at java.base/java.util.concurrent.ThreadPoolExecutor.runWorker(ThreadPoolExecutor.java:1128)
	at java.base/java.util.concurrent.ThreadPoolExecutor$Worker.run(ThreadPoolExecutor.java:628)
	at java.base/java.lang.Thread.run(Thread.java:829)
2024-06-30 17:33:02,889 [myid:] - INFO  [ListenerHandler-/127.0.0.1:28001:o.a.z.s.q.QuorumCnxManager$Listener$ListenerHandler@1076] - Received connection request from /127.0.0.1:54552
2024-06-30 17:33:02,891 [myid:] - INFO  [WorkerReceiver[myid=1]:o.a.z.s.q.FastLeaderElection$Messenger$WorkerReceiver@391] - Notification: my state:LOOKING; n.sid:2, n.state:LOOKING, n.leader:2, n.round:0x1, n.peerEpoch:0x3, n.zxid:0x100000009, message format version:0x2, n.config version:0x0
2024-06-30 17:33:02,892 [myid:] - INFO  [WorkerReceiver[myid=1]:o.a.z.s.q.FastLeaderElection$Messenger$WorkerReceiver@391] - Notification: my state:LOOKING; n.sid:1, n.state:LOOKING, n.leader:2, n.round:0x1, n.peerEpoch:0x3, n.zxid:0x100000009, message format version:0x2, n.config version:0x0
2024-06-30 17:33:02,893 [myid:] - WARN  [QuorumConnectionThread-[myid=1]-3:o.a.z.s.q.QuorumCnxManager@401] - Cannot open channel to 3 at election address /127.0.0.1:28003
java.net.ConnectException: Connection refused (Connection refused)
	at java.base/java.net.PlainSocketImpl.socketConnect(Native Method)
	at java.base/java.net.AbstractPlainSocketImpl.doConnect(AbstractPlainSocketImpl.java:412)
	at java.base/java.net.AbstractPlainSocketImpl.connectToAddress(AbstractPlainSocketImpl.java:255)
	at java.base/java.net.AbstractPlainSocketImpl.connect(AbstractPlainSocketImpl.java:237)
	at java.base/java.net.SocksSocketImpl.connect(SocksSocketImpl.java:392)
	at java.base/java.net.Socket.connect(Socket.java:609)
	at org.apache.zookeeper.server.quorum.QuorumCnxManager.initiateConnection(QuorumCnxManager.java:384)
	at org.apache.zookeeper.server.quorum.QuorumCnxManager$QuorumConnectionReqThread.run(QuorumCnxManager.java:458)
	at java.base/java.util.concurrent.ThreadPoolExecutor.runWorker(ThreadPoolExecutor.java:1128)
	at java.base/java.util.concurrent.ThreadPoolExecutor$Worker.run(ThreadPoolExecutor.java:628)
	at java.base/java.lang.Thread.run(Thread.java:829)
2024-06-30 17:33:03,093 [myid:] - INFO  [QuorumPeer[myid=1](plain=[0:0:0:0:0:0:0:0]:5551)(secure=disabled):o.a.z.s.q.QuorumPeer@906] - Peer state changed: following
2024-06-30 17:33:03,094 [myid:] - INFO  [QuorumPeer[myid=1](plain=[0:0:0:0:0:0:0:0]:5551)(secure=disabled):o.a.z.s.q.QuorumPeer@1554] - FOLLOWING
2024-06-30 17:33:03,099 [myid:] - INFO  [QuorumPeer[myid=1](plain=[0:0:0:0:0:0:0:0]:5551)(secure=disabled):o.a.z.s.q.Learner@130] - leaderConnectDelayDuringRetryMs: 100
2024-06-30 17:33:03,100 [myid:] - INFO  [QuorumPeer[myid=1](plain=[0:0:0:0:0:0:0:0]:5551)(secure=disabled):o.a.z.s.q.Learner@131] - TCP NoDelay set to: true
2024-06-30 17:33:03,100 [myid:] - INFO  [QuorumPeer[myid=1](plain=[0:0:0:0:0:0:0:0]:5551)(secure=disabled):o.a.z.s.q.Learner@132] - zookeeper.learner.asyncSending = false
2024-06-30 17:33:03,100 [myid:] - INFO  [QuorumPeer[myid=1](plain=[0:0:0:0:0:0:0:0]:5551)(secure=disabled):o.a.z.s.q.Learner@133] - zookeeper.learner.closeSocketAsync = false
2024-06-30 17:33:03,102 [myid:] - INFO  [QuorumPeer[myid=1](plain=[0:0:0:0:0:0:0:0]:5551)(secure=disabled):o.a.z.s.BlueThrottle@141] - Weighed connection throttling is disabled
2024-06-30 17:33:03,103 [myid:] - INFO  [QuorumPeer[myid=1](plain=[0:0:0:0:0:0:0:0]:5551)(secure=disabled):o.a.z.s.AuthenticationHelper@66] - zookeeper.enforce.auth.enabled = false
2024-06-30 17:33:03,103 [myid:] - INFO  [QuorumPeer[myid=1](plain=[0:0:0:0:0:0:0:0]:5551)(secure=disabled):o.a.z.s.AuthenticationHelper@67] - zookeeper.enforce.auth.schemes = []
2024-06-30 17:33:03,104 [myid:] - INFO  [QuorumPeer[myid=1](plain=[0:0:0:0:0:0:0:0]:5551)(secure=disabled):o.a.z.s.ZooKeeperServer@1406] - minSessionTimeout set to 4000 ms
2024-06-30 17:33:03,104 [myid:] - INFO  [QuorumPeer[myid=1](plain=[0:0:0:0:0:0:0:0]:5551)(secure=disabled):o.a.z.s.ZooKeeperServer@1415] - maxSessionTimeout set to 40000 ms
2024-06-30 17:33:03,105 [myid:] - INFO  [QuorumPeer[myid=1](plain=[0:0:0:0:0:0:0:0]:5551)(secure=disabled):o.a.z.s.ResponseCache@45] - getData response cache size is initialized with value 400.
2024-06-30 17:33:03,105 [myid:] - INFO  [QuorumPeer[myid=1](plain=[0:0:0:0:0:0:0:0]:5551)(secure=disabled):o.a.z.s.ResponseCache@45] - getChildren response cache size is initialized with value 400.
2024-06-30 17:33:03,106 [myid:] - INFO  [QuorumPeer[myid=1](plain=[0:0:0:0:0:0:0:0]:5551)(secure=disabled):o.a.z.s.u.RequestPathMetricsCollector@109] - zookeeper.pathStats.slotCapacity = 60
2024-06-30 17:33:03,107 [myid:] - INFO  [QuorumPeer[myid=1](plain=[0:0:0:0:0:0:0:0]:5551)(secure=disabled):o.a.z.s.u.RequestPathMetricsCollector@110] - zookeeper.pathStats.slotDuration = 15
2024-06-30 17:33:03,107 [myid:] - INFO  [QuorumPeer[myid=1](plain=[0:0:0:0:0:0:0:0]:5551)(secure=disabled):o.a.z.s.u.RequestPathMetricsCollector@111] - zookeeper.pathStats.maxDepth = 6
2024-06-30 17:33:03,107 [myid:] - INFO  [QuorumPeer[myid=1](plain=[0:0:0:0:0:0:0:0]:5551)(secure=disabled):o.a.z.s.u.RequestPathMetricsCollector@112] - zookeeper.pathStats.initialDelay = 5
2024-06-30 17:33:03,107 [myid:] - INFO  [QuorumPeer[myid=1](plain=[0:0:0:0:0:0:0:0]:5551)(secure=disabled):o.a.z.s.u.RequestPathMetricsCollector@113] - zookeeper.pathStats.delay = 5
2024-06-30 17:33:03,107 [myid:] - INFO  [QuorumPeer[myid=1](plain=[0:0:0:0:0:0:0:0]:5551)(secure=disabled):o.a.z.s.u.RequestPathMetricsCollector@114] - zookeeper.pathStats.enabled = false
2024-06-30 17:33:03,108 [myid:] - INFO  [QuorumPeer[myid=1](plain=[0:0:0:0:0:0:0:0]:5551)(secure=disabled):o.a.z.s.ZooKeeperServer@1633] - The max bytes for all large requests are set to 104857600
2024-06-30 17:33:03,108 [myid:] - INFO  [QuorumPeer[myid=1](plain=[0:0:0:0:0:0:0:0]:5551)(secure=disabled):o.a.z.s.ZooKeeperServer@1647] - The large request threshold is set to -1
2024-06-30 17:33:03,108 [myid:] - INFO  [QuorumPeer[myid=1](plain=[0:0:0:0:0:0:0:0]:5551)(secure=disabled):o.a.z.s.ZooKeeperServer@385] - Created server with tickTime 2000 ms minSessionTimeout 4000 ms maxSessionTimeout 40000 ms clientPortListenBacklog -1 dataLogdir ./server.1/apache-zookeeper-3.9.2-bin/snapshot_data/version-2 snapdir ./server.1/apache-zookeeper-3.9.2-bin/snapshot_data/version-2
2024-06-30 17:33:03,109 [myid:] - INFO  [QuorumPeer[myid=1](plain=[0:0:0:0:0:0:0:0]:5551)(secure=disabled):o.a.z.s.q.Follower@77] - FOLLOWING - LEADER ELECTION TOOK - 1214 MS
2024-06-30 17:33:03,112 [myid:] - INFO  [QuorumPeer[myid=1](plain=[0:0:0:0:0:0:0:0]:5551)(secure=disabled):o.a.z.s.q.QuorumPeer@920] - Peer state changed: following - discovery
2024-06-30 17:33:03,115 [myid:] - INFO  [LeaderConnector-/127.0.0.1:8882:o.a.z.s.q.Learner$LeaderConnector@380] - Successfully connected to leader, using address: /127.0.0.1:8882
2024-06-30 17:33:03,134 [myid:] - INFO  [QuorumPeer[myid=1](plain=[0:0:0:0:0:0:0:0]:5551)(secure=disabled):o.a.z.s.q.QuorumPeer@920] - Peer state changed: following - synchronization
2024-06-30 17:33:03,135 [myid:] - INFO  [QuorumPeer[myid=1](plain=[0:0:0:0:0:0:0:0]:5551)(secure=disabled):o.a.z.s.q.Learner@563] - Getting a diff from the leader 0x100000009
2024-06-30 17:33:03,135 [myid:] - INFO  [QuorumPeer[myid=1](plain=[0:0:0:0:0:0:0:0]:5551)(secure=disabled):o.a.z.s.q.QuorumPeer@925] - Peer state changed: following - synchronization - diff
2024-06-30 17:33:03,139 [myid:] - INFO  [QuorumPeer[myid=1](plain=[0:0:0:0:0:0:0:0]:5551)(secure=disabled):o.a.z.s.q.Learner@735] - Learner received NEWLEADER message
2024-06-30 17:33:03,140 [myid:] - INFO  [QuorumPeer[myid=1](plain=[0:0:0:0:0:0:0:0]:5551)(secure=disabled):o.a.z.s.q.QuorumPeer@1909] - Dynamic reconfig is disabled, we don't store the last seen config.
2024-06-30 17:33:03,140 [myid:] - INFO  [QuorumPeer[myid=1](plain=[0:0:0:0:0:0:0:0]:5551)(secure=disabled):o.a.z.s.q.QuorumPeer@925] - Peer state changed: following - synchronization
2024-06-30 17:33:03,145 [myid:] - INFO  [QuorumPeer[myid=1](plain=[0:0:0:0:0:0:0:0]:5551)(secure=disabled):o.a.z.s.q.CommitProcessor@490] - Configuring CommitProcessor with readBatchSize -1 commitBatchSize 1
2024-06-30 17:33:03,146 [myid:] - INFO  [QuorumPeer[myid=1](plain=[0:0:0:0:0:0:0:0]:5551)(secure=disabled):o.a.z.s.q.CommitProcessor@451] - Configuring CommitProcessor with 12 worker threads.
2024-06-30 17:33:03,147 [myid:] - INFO  [QuorumPeer[myid=1](plain=[0:0:0:0:0:0:0:0]:5551)(secure=disabled):o.a.z.s.q.FollowerRequestProcessor@59] - Initialized FollowerRequestProcessor with zookeeper.follower.skipLearnerRequestToNextProcessor as false
2024-06-30 17:33:03,149 [myid:] - INFO  [QuorumPeer[myid=1](plain=[0:0:0:0:0:0:0:0]:5551)(secure=disabled):o.a.z.s.RequestThrottler@75] - zookeeper.request_throttler.shutdownTimeout = 10000 ms
2024-06-30 17:33:03,163 [myid:] - INFO  [QuorumPeer[myid=1](plain=[0:0:0:0:0:0:0:0]:5551)(secure=disabled):o.a.z.s.q.Learner@769] - 0 txns have been persisted and it took 1ms
2024-06-30 17:33:03,165 [myid:] - INFO  [QuorumPeer[myid=1](plain=[0:0:0:0:0:0:0:0]:5551)(secure=disabled):o.a.z.s.q.Learner@776] - Set the current epoch to 4
2024-06-30 17:33:03,165 [myid:] - INFO  [QuorumPeer[myid=1](plain=[0:0:0:0:0:0:0:0]:5551)(secure=disabled):o.a.z.s.q.Learner@780] - Sent NEWLEADER ack to leader with zxid 400000000
2024-06-30 17:33:03,182 [myid:] - INFO  [QuorumPeer[myid=1](plain=[0:0:0:0:0:0:0:0]:5551)(secure=disabled):o.a.z.s.q.Learner@719] - Learner received UPTODATE message
2024-06-30 17:33:03,182 [myid:] - INFO  [QuorumPeer[myid=1](plain=[0:0:0:0:0:0:0:0]:5551)(secure=disabled):o.a.z.s.q.Learner@812] - 0 txns have been logged asynchronously
2024-06-30 17:33:03,182 [myid:] - INFO  [QuorumPeer[myid=1](plain=[0:0:0:0:0:0:0:0]:5551)(secure=disabled):o.a.z.s.q.Learner@817] - 0 txns have been committed
2024-06-30 17:33:03,183 [myid:] - INFO  [QuorumPeer[myid=1](plain=[0:0:0:0:0:0:0:0]:5551)(secure=disabled):o.a.z.s.q.QuorumPeer@920] - Peer state changed: following - broadcast
2024-06-30 17:33:03,921 [myid:] - INFO  [ListenerHandler-/127.0.0.1:28001:o.a.z.s.q.QuorumCnxManager$Listener$ListenerHandler@1076] - Received connection request from /127.0.0.1:54556
2024-06-30 17:33:03,924 [myid:] - INFO  [WorkerReceiver[myid=1]:o.a.z.s.q.FastLeaderElection$Messenger$WorkerReceiver@391] - Notification: my state:FOLLOWING; n.sid:3, n.state:LOOKING, n.leader:3, n.round:0x1, n.peerEpoch:0x3, n.zxid:0x300000000, message format version:0x2, n.config version:0x0
2024-06-30 17:33:44,198 [myid:] - WARN  [QuorumPeer[myid=1](plain=[0:0:0:0:0:0:0:0]:5551)(secure=disabled):o.a.z.s.q.Follower@169] - Got zxid 0x400000001 expected 0x1
2024-06-30 17:33:44,199 [myid:] - INFO  [SyncThread:1:o.a.z.s.p.FileTxnLog@284] - Creating new log file: log.400000001
2024-06-30 17:33:44,201 [myid:] - INFO  [CommitProcessor:1:o.a.z.s.q.LearnerSessionTracker@116] - Committing global session 0x100000b6b350000
2024-06-30 17:34:07,735 [myid:] - INFO  [CommitProcessor:1:o.a.z.s.q.LearnerSessionTracker@116] - Committing global session 0x200000b6b510000
2024-06-30 17:34:16,726 [myid:] - INFO  [NIOWorkerThread-3:o.a.z.s.NIOServerCnxn@342] - Unable to read additional data from client, it probably closed the socket: address = /127.0.0.1:60536, session = 0x100000b6b350000
